#-----------------------------------------------------------
# PlanAhead v14.7 (64-bit)
# Build 321239 by xbuild on Fri Sep 27 19:29:51 MDT 2013
# Start of session at: Mon Oct 21 12:12:46 2019
# Process ID: 6532
# Log file: C:/Users/mulholbn/Downloads/ECE433/ECE433/Lab7/planAhead_run_1/planAhead.log
# Journal file: C:/Users/mulholbn/Downloads/ECE433/ECE433/Lab7/planAhead_run_1/planAhead.jou
#-----------------------------------------------------------
INFO: [Common 17-78] Attempting to get a license: PlanAhead
INFO: [Common 17-290] Got license for PlanAhead
INFO: [Common 17-86] Your PlanAhead license expires in -1755 day(s)
INFO: [Device 21-36] Loading parts and site information from C:/Xilinx/14.7/ISE_DS/PlanAhead/data/parts/arch.xml
Parsing RTL primitives file [C:/Xilinx/14.7/ISE_DS/PlanAhead/data/parts/xilinx/rtl/prims/rtl_prims.xml]
Finished parsing RTL primitives file [C:/Xilinx/14.7/ISE_DS/PlanAhead/data/parts/xilinx/rtl/prims/rtl_prims.xml]
start_gui
source C:/Users/mulholbn/Downloads/ECE433/ECE433/Lab7/pa.fromNetlist.tcl
# create_project -name Lab7 -dir "C:/Users/mulholbn/Downloads/ECE433/ECE433/Lab7/planAhead_run_1" -part xc6slx16csg324-3
# set_property design_mode GateLvl [get_property srcset [current_run -impl]]
# set_property edif_top_file "C:/Users/mulholbn/Downloads/ECE433/ECE433/Lab7/Lab7I2Cphase1Fall2019BNM_IML.ngc" [ get_property srcset [ current_run ] ]
# add_files -norecurse { {C:/Users/mulholbn/Downloads/ECE433/ECE433/Lab7} {ipcore_dir} }
# set_param project.pinAheadLayout  yes
# set_property target_constrs_file "Lab7I2Cphase1Fall2019BNM_IML.ucf" [current_fileset -constrset]
Adding file 'C:/Users/mulholbn/Downloads/ECE433/ECE433/Lab7/Lab7I2Cphase1Fall2019BNM_IML.ucf' to fileset 'constrs_1'
# add_files [list {Lab7I2Cphase1Fall2019BNM_IML.ucf}] -fileset [get_property constrset [current_run]]
# link_design
Design is defaulting to srcset: sources_1
Design is defaulting to constrset: constrs_1
Design is defaulting to project part: xc6slx16csg324-3
Release 14.7 - ngc2edif P.20131013 (nt64)
Copyright (c) 1995-2013 Xilinx, Inc.  All rights reserved.
Reading design Lab7I2Cphase1Fall2019BNM_IML.ngc ...
WARNING:NetListWriters:298 - No output is written to
   Lab7I2Cphase1Fall2019BNM_IML.xncf, ignored.
Processing design ...
   Preping design's networks ...
   Preping design's macros ...
  finished :Prep
Writing EDIF netlist file Lab7I2Cphase1Fall2019BNM_IML.edif ...
ngc2edif: Total memory usage is 4311208 kilobytes

Parsing EDIF File [./planAhead_run_1/Lab7.data/cache/Lab7I2Cphase1Fall2019BNM_IML_ngc_zx.edif]
Finished Parsing EDIF File [./planAhead_run_1/Lab7.data/cache/Lab7I2Cphase1Fall2019BNM_IML_ngc_zx.edif]
Loading clock regions from C:/Xilinx/14.7/ISE_DS/PlanAhead/data\parts/xilinx/spartan6/spartan6lx/xc6slx16/ClockRegion.xml
Loading clock buffers from C:/Xilinx/14.7/ISE_DS/PlanAhead/data\parts/xilinx/spartan6/spartan6lx/xc6slx16/ClockBuffers.xml
Loading package pin functions from C:/Xilinx/14.7/ISE_DS/PlanAhead/data\parts/xilinx/spartan6/PinFunctions.xml...
Loading package from C:/Xilinx/14.7/ISE_DS/PlanAhead/data\parts/xilinx/spartan6/spartan6lx/xc6slx16/csg324/Package.xml
Loading io standards from C:/Xilinx/14.7/ISE_DS/PlanAhead/data\./parts/xilinx/spartan6/IOStandards.xml
Loading device configuration modes from C:/Xilinx/14.7/ISE_DS/PlanAhead/data\parts/xilinx/spartan6/ConfigModes.xml
Loading list of drcs for the architecture : C:/Xilinx/14.7/ISE_DS/PlanAhead/data\./parts/xilinx/spartan6/drc.xml
Parsing UCF File [C:/Users/mulholbn/Downloads/ECE433/ECE433/Lab7/Lab7I2Cphase1Fall2019BNM_IML.ucf]
Finished Parsing UCF File [C:/Users/mulholbn/Downloads/ECE433/ECE433/Lab7/Lab7I2Cphase1Fall2019BNM_IML.ucf]
INFO: [Project 1-111] Unisim Transformation Summary:
No Unisim elements were transformed.

Phase 0 | Netlist Checksum: c458e5f8
link_design: Time (s): elapsed = 00:00:12 . Memory (MB): peak = 684.027 ; gain = 209.668
exit
ERROR: [PlanAhead 12-106] *** Exception: ui.h.b: Found deleted key in HTclEventBroker. Verify if the classes listed here call cleanup()
HTclEvent: SIGNAL_MODIFY   Classes: ui.views.aR 
HTclEvent: SIGNAL_BUS_MODIFY   Classes: ui.views.aR 
HTclEvent: DEBUG_CORE_CONFIG_CHANGE   Classes: ui.views.aR 
HTclEvent: DEBUG_PORT_CONFIG_CHANGE   Classes: ui.views.aR 
 (See C:/Users/mulholbn/Downloads/ECE433/ECE433/Lab7\planAhead_pid6532.debug)
ERROR: [Common 17-39] 'stop_gui' failed due to earlier errors.
INFO: [Common 17-206] Exiting PlanAhead at Mon Oct 21 12:13:29 2019...
INFO: [Common 17-83] Releasing license: PlanAhead
