Release 14.7 - xst P.20131013 (nt64)
Copyright (c) 1995-2013 Xilinx, Inc.  All rights reserved.
--> Parameter TMPDIR set to xst/projnav.tmp


Total REAL time to Xst completion: 1.00 secs
Total CPU time to Xst completion: 0.23 secs
 
--> Parameter xsthdpdir set to xst


Total REAL time to Xst completion: 1.00 secs
Total CPU time to Xst completion: 0.24 secs
 
--> Reading design: TxDataUnit2019Fall.prj

TABLE OF CONTENTS
  1) Synthesis Options Summary
  2) HDL Parsing
  3) HDL Elaboration
  4) HDL Synthesis
       4.1) HDL Synthesis Report
  5) Advanced HDL Synthesis
       5.1) Advanced HDL Synthesis Report
  6) Low Level Synthesis
  7) Partition Report
  8) Design Summary
       8.1) Primitive and Black Box Usage
       8.2) Device utilization summary
       8.3) Partition Resource Summary
       8.4) Timing Report
            8.4.1) Clock Information
            8.4.2) Asynchronous Control Signals Information
            8.4.3) Timing Summary
            8.4.4) Timing Details
            8.4.5) Cross Clock Domains Report


=========================================================================
*                      Synthesis Options Summary                        *
=========================================================================
---- Source Parameters
Input File Name                    : "TxDataUnit2019Fall.prj"
Ignore Synthesis Constraint File   : NO

---- Target Parameters
Output File Name                   : "TxDataUnit2019Fall"
Output Format                      : NGC
Target Device                      : xc6slx16-3-csg324

---- Source Options
Top Module Name                    : TxDataUnit2019Fall
Automatic FSM Extraction           : YES
FSM Encoding Algorithm             : Auto
Safe Implementation                : No
FSM Style                          : LUT
RAM Extraction                     : Yes
RAM Style                          : Auto
ROM Extraction                     : Yes
Shift Register Extraction          : YES
ROM Style                          : Auto
Resource Sharing                   : YES
Asynchronous To Synchronous        : NO
Shift Register Minimum Size        : 2
Use DSP Block                      : Auto
Automatic Register Balancing       : No

---- Target Options
LUT Combining                      : Auto
Reduce Control Sets                : Auto
Add IO Buffers                     : YES
Global Maximum Fanout              : 100000
Add Generic Clock Buffer(BUFG)     : 16
Register Duplication               : YES
Optimize Instantiated Primitives   : NO
Use Clock Enable                   : Auto
Use Synchronous Set                : Auto
Use Synchronous Reset              : Auto
Pack IO Registers into IOBs        : Auto
Equivalent register Removal        : YES

---- General Options
Optimization Goal                  : Speed
Optimization Effort                : 1
Power Reduction                    : NO
Keep Hierarchy                     : No
Netlist Hierarchy                  : As_Optimized
RTL Output                         : Yes
Global Optimization                : AllClockNets
Read Cores                         : YES
Write Timing Constraints           : NO
Cross Clock Analysis               : NO
Hierarchy Separator                : /
Bus Delimiter                      : <>
Case Specifier                     : Maintain
Slice Utilization Ratio            : 100
BRAM Utilization Ratio             : 100
DSP48 Utilization Ratio            : 100
Auto BRAM Packing                  : NO
Slice Utilization Ratio Delta      : 5

=========================================================================


=========================================================================
*                          HDL Parsing                                  *
=========================================================================
Analyzing Verilog file "E:\ECE433\ECE433\HW3_Problem6\TxDataUnit2019Fall.v" into library work
Parsing module <TxDataUnit2019Fall>.

=========================================================================
*                            HDL Elaboration                            *
=========================================================================

Elaborating module <TxDataUnit2019Fall>.

=========================================================================
*                           HDL Synthesis                               *
=========================================================================

Synthesizing Unit <TxDataUnit2019Fall>.
    Related source file is "E:\ECE433\ECE433\HW3_Problem6\TxDataUnit2019Fall.v".
        DataLength = 9
    Found 12-bit register for signal <ShiftRegister>.
    Summary:
	inferred  12 D-type flip-flop(s).
	inferred   1 Multiplexer(s).
Unit <TxDataUnit2019Fall> synthesized.

=========================================================================
HDL Synthesis Report

Macro Statistics
# Registers                                            : 1
 12-bit register                                       : 1
# Multiplexers                                         : 1
 12-bit 2-to-1 multiplexer                             : 1
# Xors                                                 : 1
 1-bit xor10                                           : 1

=========================================================================

=========================================================================
*                       Advanced HDL Synthesis                          *
=========================================================================


=========================================================================
Advanced HDL Synthesis Report

Macro Statistics
# Registers                                            : 12
 Flip-Flops                                            : 12
# Multiplexers                                         : 12
 1-bit 2-to-1 multiplexer                              : 12
# Xors                                                 : 1
 1-bit xor10                                           : 1

=========================================================================

=========================================================================
*                         Low Level Synthesis                           *
=========================================================================

Optimizing unit <TxDataUnit2019Fall> ...

Mapping all equations...
Building and optimizing final netlist ...
Found area constraint ratio of 100 (+ 5) on block TxDataUnit2019Fall, actual ratio is 0.

Final Macro Processing ...

=========================================================================
Final Register Report

Macro Statistics
# Registers                                            : 12
 Flip-Flops                                            : 12

=========================================================================

=========================================================================
*                           Partition Report                            *
=========================================================================

Partition Implementation Status
-------------------------------

  No Partitions were found in this design.

-------------------------------

=========================================================================
*                            Design Summary                             *
=========================================================================

Top Level Output File Name         : TxDataUnit2019Fall.ngc

Primitive and Black Box Usage:
------------------------------
# BELS                             : 15
#      LUT3                        : 3
#      LUT4                        : 10
#      LUT5                        : 1
#      LUT6                        : 1
# FlipFlops/Latches                : 12
#      FDE                         : 12
# Clock Buffers                    : 1
#      BUFGP                       : 1
# IO Buffers                       : 14
#      IBUF                        : 13
#      OBUF                        : 1

Device utilization summary:
---------------------------

Selected Device : 6slx16csg324-3 


Slice Logic Utilization: 
 Number of Slice Registers:              12  out of  18224     0%  
 Number of Slice LUTs:                   15  out of   9112     0%  
    Number used as Logic:                15  out of   9112     0%  

Slice Logic Distribution: 
 Number of LUT Flip Flop pairs used:     15
   Number with an unused Flip Flop:       3  out of     15    20%  
   Number with an unused LUT:             0  out of     15     0%  
   Number of fully used LUT-FF pairs:    12  out of     15    80%  
   Number of unique control sets:         1

IO Utilization: 
 Number of IOs:                          15
 Number of bonded IOBs:                  15  out of    232     6%  

Specific Feature Utilization:
 Number of BUFG/BUFGCTRLs:                1  out of     16     6%  

---------------------------
Partition Resource Summary:
---------------------------

  No Partitions were found in this design.

---------------------------


=========================================================================
Timing Report

NOTE: THESE TIMING NUMBERS ARE ONLY A SYNTHESIS ESTIMATE.
      FOR ACCURATE TIMING INFORMATION PLEASE REFER TO THE TRACE REPORT
      GENERATED AFTER PLACE-and-ROUTE.

Clock Information:
------------------
-----------------------------------+------------------------+-------+
Clock Signal                       | Clock buffer(FF name)  | Load  |
-----------------------------------+------------------------+-------+
Clock                              | BUFGP                  | 12    |
-----------------------------------+------------------------+-------+

Asynchronous Control Signals Information:
----------------------------------------
No asynchronous control signals found in this design

Timing Summary:
---------------
Speed Grade: -3

   Minimum period: 1.371ns (Maximum Frequency: 729.262MHz)
   Minimum input arrival time before clock: 3.818ns
   Maximum output required time after clock: 3.634ns
   Maximum combinational path delay: No path found

Timing Details:
---------------
All values displayed in nanoseconds (ns)

=========================================================================
Timing constraint: Default period analysis for Clock 'Clock'
  Clock period: 1.371ns (frequency: 729.262MHz)
  Total number of paths / destination ports: 12 / 12
-------------------------------------------------------------------------
Delay:               1.371ns (Levels of Logic = 1)
  Source:            ShiftRegister_0 (FF)
  Destination:       ShiftRegister_11 (FF)
  Source Clock:      Clock rising
  Destination Clock: Clock rising

  Data Path: ShiftRegister_0 to ShiftRegister_11
                                Gate     Net
    Cell:in->out      fanout   Delay   Delay  Logical Name (Net Name)
    ----------------------------------------  ------------
     FDE:C->Q              2   0.447   0.617  ShiftRegister_0 (ShiftRegister_0)
     LUT5:I4->O            1   0.205   0.000  mux213 (ShiftRegister[11]_ParityBit_mux_5_OUT<11>)
     FDE:D                     0.102          ShiftRegister_11
    ----------------------------------------
    Total                      1.371ns (0.754ns logic, 0.617ns route)
                                       (55.0% logic, 45.0% route)

=========================================================================
Timing constraint: Default OFFSET IN BEFORE for Clock 'Clock'
  Total number of paths / destination ports: 79 / 24
-------------------------------------------------------------------------
Offset:              3.818ns (Levels of Logic = 2)
  Source:            Reset (PAD)
  Destination:       ShiftRegister_0 (FF)
  Destination Clock: Clock rising

  Data Path: Reset to ShiftRegister_0
                                Gate     Net
    Cell:in->out      fanout   Delay   Delay  Logical Name (Net Name)
    ----------------------------------------  ------------
     IBUF:I->O            13   1.222   1.161  Reset_IBUF (Reset_IBUF)
     LUT3:I0->O           12   0.205   0.908  _n0028_inv1 (_n0028_inv)
     FDE:CE                    0.322          ShiftRegister_0
    ----------------------------------------
    Total                      3.818ns (1.749ns logic, 2.069ns route)
                                       (45.8% logic, 54.2% route)

=========================================================================
Timing constraint: Default OFFSET OUT AFTER for Clock 'Clock'
  Total number of paths / destination ports: 1 / 1
-------------------------------------------------------------------------
Offset:              3.634ns (Levels of Logic = 1)
  Source:            ShiftRegister_0 (FF)
  Destination:       Tx (PAD)
  Source Clock:      Clock rising

  Data Path: ShiftRegister_0 to Tx
                                Gate     Net
    Cell:in->out      fanout   Delay   Delay  Logical Name (Net Name)
    ----------------------------------------  ------------
     FDE:C->Q              2   0.447   0.616  ShiftRegister_0 (ShiftRegister_0)
     OBUF:I->O                 2.571          Tx_OBUF (Tx)
    ----------------------------------------
    Total                      3.634ns (3.018ns logic, 0.616ns route)
                                       (83.0% logic, 17.0% route)

=========================================================================

Cross Clock Domains Report:
--------------------------

Clock to Setup on destination clock Clock
---------------+---------+---------+---------+---------+
               | Src:Rise| Src:Fall| Src:Rise| Src:Fall|
Source Clock   |Dest:Rise|Dest:Rise|Dest:Fall|Dest:Fall|
---------------+---------+---------+---------+---------+
Clock          |    1.371|         |         |         |
---------------+---------+---------+---------+---------+

=========================================================================


Total REAL time to Xst completion: 7.00 secs
Total CPU time to Xst completion: 6.32 secs
 
--> 

Total memory usage is 4488472 kilobytes

Number of errors   :    0 (   0 filtered)
Number of warnings :    0 (   0 filtered)
Number of infos    :    0 (   0 filtered)

