--------------------------------------------------------------------------------
Release 14.7 Trace  (nt64)
Copyright (c) 1995-2013 Xilinx, Inc.  All rights reserved.

C:\Xilinx\14.7\ISE_DS\ISE\bin\nt64\unwrapped\trce.exe -intstyle ise -v 3 -s 3
-n 3 -fastpaths -xml PongNexys3.twx PongNexys3.ncd -o PongNexys3.twr
PongNexys3.pcf

Design file:              PongNexys3.ncd
Physical constraint file: PongNexys3.pcf
Device,package,speed:     xc6slx16,csg324,C,-3 (PRODUCTION 1.23 2013-10-13)
Report level:             verbose report

Environment Variable      Effect 
--------------------      ------ 
NONE                      No environment variables were set
--------------------------------------------------------------------------------

INFO:Timing:2698 - No timing constraints found, doing default enumeration.
INFO:Timing:3412 - To improve timing, see the Timing Closure User Guide (UG612).
INFO:Timing:2752 - To get complete path coverage, use the unconstrained paths 
   option. All paths that are not constrained will be reported in the 
   unconstrained paths section(s) of the report.
INFO:Timing:3339 - The clock-to-out numbers in this timing report are based on 
   a 50 Ohm transmission line loading model.  For the details of this model, 
   and for more information on accounting for different loading conditions, 
   please see the device datasheet.



Data Sheet report:
-----------------
All values displayed in nanoseconds (ns)

Setup/Hold to clock Clock
------------+------------+------------+------------+------------+------------------+--------+
            |Max Setup to|  Process   |Max Hold to |  Process   |                  | Clock  |
Source      | clk (edge) |   Corner   | clk (edge) |   Corner   |Internal Clock(s) | Phase  |
------------+------------+------------+------------+------------+------------------+--------+
Reset       |    4.274(R)|      SLOW  |   -1.198(R)|      FAST  |Clock_BUFGP       |   0.000|
rota        |    0.521(R)|      FAST  |    0.383(R)|      SLOW  |Clock_BUFGP       |   0.000|
rotb        |    0.420(R)|      FAST  |    0.515(R)|      SLOW  |Clock_BUFGP       |   0.000|
------------+------------+------------+------------+------------+------------------+--------+

Clock Clock to Pad
------------+-----------------+------------+-----------------+------------+------------------+--------+
            |Max (slowest) clk|  Process   |Min (fastest) clk|  Process   |                  | Clock  |
Destination |  (edge) to PAD  |   Corner   |  (edge) to PAD  |   Corner   |Internal Clock(s) | Phase  |
------------+-----------------+------------+-----------------+------------+------------------+--------+
blue<0>     |        13.555(R)|      SLOW  |         5.909(R)|      FAST  |Clock_BUFGP       |   0.000|
blue<1>     |        13.598(R)|      SLOW  |         5.622(R)|      FAST  |Clock_BUFGP       |   0.000|
green<2>    |        13.406(R)|      SLOW  |         5.549(R)|      FAST  |Clock_BUFGP       |   0.000|
hsync       |        11.717(R)|      SLOW  |         5.737(R)|      FAST  |Clock_BUFGP       |   0.000|
red<2>      |        13.464(R)|      SLOW  |         5.613(R)|      FAST  |Clock_BUFGP       |   0.000|
vsync       |        10.658(R)|      SLOW  |         5.496(R)|      FAST  |Clock_BUFGP       |   0.000|
------------+-----------------+------------+-----------------+------------+------------------+--------+

Clock to Setup on destination clock Clock
---------------+---------+---------+---------+---------+
               | Src:Rise| Src:Fall| Src:Rise| Src:Fall|
Source Clock   |Dest:Rise|Dest:Rise|Dest:Fall|Dest:Fall|
---------------+---------+---------+---------+---------+
Clock          |    5.555|         |         |         |
---------------+---------+---------+---------+---------+


Analysis completed Tue Nov 05 13:52:06 2019 
--------------------------------------------------------------------------------

Trace Settings:
-------------------------
Trace Settings 

Peak Memory Usage: 4576 MB



