--------------------------------------------------------------------------------
Release 14.7 Trace  (nt64)
Copyright (c) 1995-2013 Xilinx, Inc.  All rights reserved.

E:\ISE\14.7\ISE_DS\ISE\bin\nt64\unwrapped\trce.exe -intstyle ise -v 3 -s 3 -n 3
-fastpaths -xml adderBNMversion2.twx adderBNMversion2.ncd -o
adderBNMversion2.twr adderBNMversion2.pcf -ucf adderBNMversion1.ucf

Design file:              adderBNMversion2.ncd
Physical constraint file: adderBNMversion2.pcf
Device,package,speed:     xc6slx16,csg324,C,-3 (PRODUCTION 1.23 2013-10-13)
Report level:             verbose report

Environment Variable      Effect 
--------------------      ------ 
NONE                      No environment variables were set
--------------------------------------------------------------------------------

INFO:Timing:2698 - No timing constraints found, doing default enumeration.
INFO:Timing:3412 - To improve timing, see the Timing Closure User Guide (UG612).
INFO:Timing:2752 - To get complete path coverage, use the unconstrained paths 
   option. All paths that are not constrained will be reported in the 
   unconstrained paths section(s) of the report.
INFO:Timing:3339 - The clock-to-out numbers in this timing report are based on 
   a 50 Ohm transmission line loading model.  For the details of this model, 
   and for more information on accounting for different loading conditions, 
   please see the device datasheet.



Data Sheet report:
-----------------
All values displayed in nanoseconds (ns)

Pad to Pad
---------------+---------------+---------+
Source Pad     |Destination Pad|  Delay  |
---------------+---------------+---------+
Minuend<0>     |CarryOut       |    8.843|
Minuend<0>     |SumDiff<0>     |    7.755|
Minuend<0>     |SumDiff<1>     |    7.704|
Minuend<0>     |SumDiff<2>     |    8.256|
Minuend<0>     |SumDiff<3>     |    8.521|
Minuend<1>     |CarryOut       |    8.234|
Minuend<1>     |SumDiff<1>     |    7.034|
Minuend<1>     |SumDiff<2>     |    7.586|
Minuend<1>     |SumDiff<3>     |    7.912|
Minuend<2>     |CarryOut       |    8.025|
Minuend<2>     |SumDiff<2>     |    7.019|
Minuend<2>     |SumDiff<3>     |    7.703|
Minuend<3>     |CarryOut       |    7.585|
Minuend<3>     |SumDiff<3>     |    7.263|
Mode           |CarryOut       |   10.624|
Mode           |SumDiff<1>     |   10.290|
Mode           |SumDiff<2>     |   10.842|
Mode           |SumDiff<3>     |   10.302|
Subtrahend<0>  |CarryOut       |    8.783|
Subtrahend<0>  |SumDiff<0>     |    7.396|
Subtrahend<0>  |SumDiff<1>     |    7.416|
Subtrahend<0>  |SumDiff<2>     |    7.968|
Subtrahend<0>  |SumDiff<3>     |    8.461|
Subtrahend<1>  |CarryOut       |    7.932|
Subtrahend<1>  |SumDiff<1>     |    7.099|
Subtrahend<1>  |SumDiff<2>     |    7.651|
Subtrahend<1>  |SumDiff<3>     |    7.610|
Subtrahend<2>  |CarryOut       |    7.951|
Subtrahend<2>  |SumDiff<2>     |    6.878|
Subtrahend<2>  |SumDiff<3>     |    7.629|
Subtrahend<3>  |CarryOut       |    7.383|
Subtrahend<3>  |SumDiff<3>     |    7.061|
---------------+---------------+---------+


Analysis completed Sun Sep 15 22:20:52 2019 
--------------------------------------------------------------------------------

Trace Settings:
-------------------------
Trace Settings 

Peak Memory Usage: 4575 MB



