Running: E:\ISE\14.7\ISE_DS\ISE\bin\nt64\unwrapped\fuse.exe -intstyle ise -incremental -lib unisims_ver -lib unimacro_ver -lib xilinxcorelib_ver -lib secureip -o E:/ECE433/ECE433/addsub/adderSubtractorTB_isim_beh.exe -prj E:/ECE433/ECE433/addsub/adderSubtractorTB_beh.prj work.adderSubtractorTB work.glbl 
ISim P.20131013 (signature 0x7708f090)
Number of CPUs detected in this system: 16
Turning on mult-threading, number of parallel sub-compilation jobs: 32 
Determining compilation order of HDL files
Analyzing Verilog file "E:/ECE433/ECE433/addsub/adder1bitV1.v" into library work
Analyzing Verilog file "E:/ECE433/ECE433/addsub/mux3bits.v" into library work
Analyzing Verilog file "E:/ECE433/ECE433/addsub/inverter3bits.v" into library work
Analyzing Verilog file "E:/ECE433/ECE433/addsub/added4bitV1.v" into library work
Analyzing Verilog file "E:/ECE433/ECE433/addsub/adderBNMversion2.v" into library work
Analyzing Verilog file "E:/ECE433/ECE433/addsub/adderBNMversion1.v" into library work
Analyzing Verilog file "E:/ECE433/ECE433/addsub/adderSubtractorTB.v" into library work
Analyzing Verilog file "E:/ISE/14.7/ISE_DS/ISE//verilog/src/glbl.v" into library work
Starting static elaboration
Completed static elaboration
Compiling module mux4bits
Compiling module inverter4bits
Compiling module adder1bitV1
Compiling module adder4bitV1
Compiling module adderBNMversion1
Compiling module adderBNMversion2
Compiling module adderSubtractorTB
Compiling module glbl
Time Resolution for simulation is 1ps.
Compiled 8 Verilog Units
Built simulation executable E:/ECE433/ECE433/addsub/adderSubtractorTB_isim_beh.exe
Fuse Memory Usage: 30568 KB
Fuse CPU Usage: 655 ms
