Release 14.7 - ngc2edif P.20131013 (nt)
Copyright (c) 1995-2013 Xilinx, Inc.  All rights reserved.
Reading design adderBNMversion1.ngc ...
WARNING:NetListWriters:298 - No output is written to adderBNMversion1.xncf,
   ignored.
Processing design ...
   Preping design's networks ...
   Preping design's macros ...
  finished :Prep
Writing EDIF netlist file adderBNMversion1.edif ...
ngc2edif: Total memory usage is 79896 kilobytes

Release 14.7 - ngc2edif P.20131013 (nt)
Copyright (c) 1995-2013 Xilinx, Inc.  All rights reserved.
Reading design adderBNMversion1.ngc ...
WARNING:NetListWriters:298 - No output is written to adderBNMversion1.xncf,
   ignored.
Processing design ...
   Preping design's networks ...
   Preping design's macros ...
  finished :Prep
Writing EDIF netlist file adderBNMversion1.edif ...
ngc2edif: Total memory usage is 80216 kilobytes

