
****** PlanAhead v14.7
  **** Build 321239 by xbuild on Fri Sep 27 19:31:35 MDT 2013
    ** Copyright 1986-1999, 2001-2013 Xilinx, Inc. All Rights Reserved.

INFO: [Common 17-78] Attempting to get a license: PlanAhead
INFO: [Common 17-290] Got license for PlanAhead
INFO: [Common 17-86] Your PlanAhead license expires in -1709 day(s)
INFO: [Device 21-36] Loading parts and site information from E:/ISE/14.7/ISE_DS/PlanAhead/data/parts/arch.xml
Parsing RTL primitives file [E:/ISE/14.7/ISE_DS/PlanAhead/data/parts/xilinx/rtl/prims/rtl_prims.xml]
Finished parsing RTL primitives file [E:/ISE/14.7/ISE_DS/PlanAhead/data/parts/xilinx/rtl/prims/rtl_prims.xml]
start_gui
source E:/ECE433/Circuit3BNM/pa.fromHdl.tcl
# create_project -name Circuit3BNM -dir "E:/ECE433/Circuit3BNM/planAhead_run_2" -part xc6slx16csg324-3
# set_param project.pinAheadLayout yes
# set srcset [get_property srcset [current_run -impl]]
# set_property target_constrs_file "Gate3Mulholland.ucf" [current_fileset -constrset]
Adding file 'E:/ECE433/Circuit3BNM/Gate3Mulholland.ucf' to fileset 'constrs_1'
# set hdlfile [add_files [list {Gate3Mulholland.v}]]
# set_property file_type Verilog $hdlfile
# set_property library work $hdlfile
# set_property top Gate3Mulholland $srcset
# add_files [list {Gate3Mulholland.ucf}] -fileset [get_property constrset [current_run]]
# open_rtl_design -part xc6slx16csg324-3
Using Verific elaboration
Parsing VHDL file "E:/ISE/14.7/ISE_DS/PlanAhead/data/parts/xilinx/rtl/lib/synplify/synattr.vhd" into library synplify
Analyzing Verilog file "E:/ECE433/Circuit3BNM/Gate3Mulholland.v" into library work
Loading clock regions from E:/ISE/14.7/ISE_DS/PlanAhead/data\parts/xilinx/spartan6/spartan6lx/xc6slx16/ClockRegion.xml
Loading clock buffers from E:/ISE/14.7/ISE_DS/PlanAhead/data\parts/xilinx/spartan6/spartan6lx/xc6slx16/ClockBuffers.xml
Loading package pin functions from E:/ISE/14.7/ISE_DS/PlanAhead/data\parts/xilinx/spartan6/PinFunctions.xml...
Loading package from E:/ISE/14.7/ISE_DS/PlanAhead/data\parts/xilinx/spartan6/spartan6lx/xc6slx16/csg324/Package.xml
Loading io standards from E:/ISE/14.7/ISE_DS/PlanAhead/data\./parts/xilinx/spartan6/IOStandards.xml
Loading device configuration modes from E:/ISE/14.7/ISE_DS/PlanAhead/data\parts/xilinx/spartan6/ConfigModes.xml
Loading list of drcs for the architecture : E:/ISE/14.7/ISE_DS/PlanAhead/data\./parts/xilinx/spartan6/drc.xml
Parsing UCF File [E:/ECE433/Circuit3BNM/Gate3Mulholland.ucf]
Finished Parsing UCF File [E:/ECE433/Circuit3BNM/Gate3Mulholland.ucf]
INFO: [Project 1-111] Unisim Transformation Summary:
No Unisim elements were transformed.

Phase 0 | Netlist Checksum: 8e7299a7
open_rtl_design: Time (s): elapsed = 00:00:10 . Memory (MB): peak = 538.301 ; gain = 105.477
update_compile_order -fileset sim_1
startgroup
set_property package_pin A8 [get_ports All]
endgroup
startgroup
set_property package_pin C4 [get_ports Blink]
endgroup
startgroup
set_property package_pin N11 [get_ports Left]
endgroup
startgroup
set_property package_pin V15 [get_ports Right]
endgroup
save_constraints
exit
ERROR: [Common 17-39] 'stop_gui' failed due to earlier errors.
INFO: [Common 17-206] Exiting PlanAhead at Thu Sep 05 22:28:44 2019...
INFO: [Common 17-83] Releasing license: PlanAhead
