#-----------------------------------------------------------
# PlanAhead v14.7 (64-bit)
# Build 321239 by xbuild on Fri Sep 27 19:29:51 MDT 2013
# Start of session at: Mon Sep 30 11:38:05 2019
# Process ID: 3952
# Log file: C:/Users/mulholbn/Downloads/ECE433/ECE433/stopwatch2019fallNexys3/planAhead_run_1/planAhead.log
# Journal file: C:/Users/mulholbn/Downloads/ECE433/ECE433/stopwatch2019fallNexys3/planAhead_run_1/planAhead.jou
#-----------------------------------------------------------
INFO: [Common 17-78] Attempting to get a license: PlanAhead
INFO: [Common 17-290] Got license for PlanAhead
INFO: [Common 17-86] Your PlanAhead license expires in -1734 day(s)
INFO: [Device 21-36] Loading parts and site information from C:/Xilinx/14.7/ISE_DS/PlanAhead/data/parts/arch.xml
Parsing RTL primitives file [C:/Xilinx/14.7/ISE_DS/PlanAhead/data/parts/xilinx/rtl/prims/rtl_prims.xml]
Finished parsing RTL primitives file [C:/Xilinx/14.7/ISE_DS/PlanAhead/data/parts/xilinx/rtl/prims/rtl_prims.xml]
start_gui
source C:/Users/mulholbn/Downloads/ECE433/ECE433/stopwatch2019fallNexys3/pa.fromHdl.tcl
# create_project -name Stopwatch2019Nexys3 -dir "C:/Users/mulholbn/Downloads/ECE433/ECE433/stopwatch2019fallNexys3/planAhead_run_1" -part xc6slx16csg324-3
# set_param project.pinAheadLayout yes
# set srcset [get_property srcset [current_run -impl]]
# set_property target_constrs_file "Stopwatch2019Nexys3.ucf" [current_fileset -constrset]
Adding file 'C:/Users/mulholbn/Downloads/ECE433/ECE433/stopwatch2019fallNexys3/Stopwatch2019Nexys3.ucf' to fileset 'constrs_1'
# set hdlfile [add_files [list {DelayLoop.v}]]
# set_property file_type Verilog $hdlfile
# set_property library work $hdlfile
# set hdlfile [add_files [list {Refreshing7Seg.v}]]
# set_property file_type Verilog $hdlfile
# set_property library work $hdlfile
# set hdlfile [add_files [list {PositiveClockedOneShot.v}]]
# set_property file_type Verilog $hdlfile
# set_property library work $hdlfile
# set hdlfile [add_files [list {DisplayMux.v}]]
# set_property file_type Verilog $hdlfile
# set_property library work $hdlfile
# set hdlfile [add_files [list {Debouncer2019fall.v}]]
# set_property file_type Verilog $hdlfile
# set_property library work $hdlfile
# set hdlfile [add_files [list {UniversalCounterWithoutLatch.v}]]
# set_property file_type Verilog $hdlfile
# set_property library work $hdlfile
# set hdlfile [add_files [list {StopwatchController2019fall.v}]]
# set_property file_type Verilog $hdlfile
# set_property library work $hdlfile
# set hdlfile [add_files [list {SevenSegDriver.v}]]
# set_property file_type Verilog $hdlfile
# set_property library work $hdlfile
# set hdlfile [add_files [list {Pulse10millisecond.v}]]
# set_property file_type Verilog $hdlfile
# set_property library work $hdlfile
# set hdlfile [add_files [list {BCDto7Segment.v}]]
# set_property file_type Verilog $hdlfile
# set_property library work $hdlfile
# set hdlfile [add_files [list {Stopwatch2019fall.v}]]
# set_property file_type Verilog $hdlfile
# set_property library work $hdlfile
# set_property top Stopwatch2019fall $srcset
# add_files [list {Stopwatch2019Nexys3.ucf}] -fileset [get_property constrset [current_run]]
# open_rtl_design -part xc6slx16csg324-3
Using Verific elaboration
Parsing VHDL file "C:/Xilinx/14.7/ISE_DS/PlanAhead/data/parts/xilinx/rtl/lib/synplify/synattr.vhd" into library synplify
Analyzing Verilog file "C:/Users/mulholbn/Downloads/ECE433/ECE433/stopwatch2019fallNexys3/DelayLoop.v" into library work
Analyzing Verilog file "C:/Users/mulholbn/Downloads/ECE433/ECE433/stopwatch2019fallNexys3/Refreshing7Seg.v" into library work
Analyzing Verilog file "C:/Users/mulholbn/Downloads/ECE433/ECE433/stopwatch2019fallNexys3/PositiveClockedOneShot.v" into library work
Analyzing Verilog file "C:/Users/mulholbn/Downloads/ECE433/ECE433/stopwatch2019fallNexys3/DisplayMux.v" into library work
Analyzing Verilog file "C:/Users/mulholbn/Downloads/ECE433/ECE433/stopwatch2019fallNexys3/Debouncer2019fall.v" into library work
Analyzing Verilog file "C:/Users/mulholbn/Downloads/ECE433/ECE433/stopwatch2019fallNexys3/UniversalCounterWithoutLatch.v" into library work
Analyzing Verilog file "C:/Users/mulholbn/Downloads/ECE433/ECE433/stopwatch2019fallNexys3/StopwatchController2019fall.v" into library work
Analyzing Verilog file "C:/Users/mulholbn/Downloads/ECE433/ECE433/stopwatch2019fallNexys3/SevenSegDriver.v" into library work
Analyzing Verilog file "C:/Users/mulholbn/Downloads/ECE433/ECE433/stopwatch2019fallNexys3/Pulse10millisecond.v" into library work
Analyzing Verilog file "C:/Users/mulholbn/Downloads/ECE433/ECE433/stopwatch2019fallNexys3/BCDto7Segment.v" into library work
Analyzing Verilog file "C:/Users/mulholbn/Downloads/ECE433/ECE433/stopwatch2019fallNexys3/Stopwatch2019fall.v" into library work
Loading clock regions from C:/Xilinx/14.7/ISE_DS/PlanAhead/data\parts/xilinx/spartan6/spartan6lx/xc6slx16/ClockRegion.xml
Loading clock buffers from C:/Xilinx/14.7/ISE_DS/PlanAhead/data\parts/xilinx/spartan6/spartan6lx/xc6slx16/ClockBuffers.xml
Loading package pin functions from C:/Xilinx/14.7/ISE_DS/PlanAhead/data\parts/xilinx/spartan6/PinFunctions.xml...
Loading package from C:/Xilinx/14.7/ISE_DS/PlanAhead/data\parts/xilinx/spartan6/spartan6lx/xc6slx16/csg324/Package.xml
Loading io standards from C:/Xilinx/14.7/ISE_DS/PlanAhead/data\./parts/xilinx/spartan6/IOStandards.xml
Loading device configuration modes from C:/Xilinx/14.7/ISE_DS/PlanAhead/data\parts/xilinx/spartan6/ConfigModes.xml
Loading list of drcs for the architecture : C:/Xilinx/14.7/ISE_DS/PlanAhead/data\./parts/xilinx/spartan6/drc.xml
Parsing UCF File [C:/Users/mulholbn/Downloads/ECE433/ECE433/stopwatch2019fallNexys3/Stopwatch2019Nexys3.ucf]
Finished Parsing UCF File [C:/Users/mulholbn/Downloads/ECE433/ECE433/stopwatch2019fallNexys3/Stopwatch2019Nexys3.ucf]
INFO: [Project 1-111] Unisim Transformation Summary:
No Unisim elements were transformed.

Phase 0 | Netlist Checksum: db4de18e
open_rtl_design: Time (s): elapsed = 00:00:10 . Memory (MB): peak = 624.965 ; gain = 166.676
update_compile_order -fileset sim_1
exit
ERROR: [PlanAhead 12-106] *** Exception: ui.h.b: Found deleted key in HTclEventBroker. Verify if the classes listed here call cleanup()
HTclEvent: SIGNAL_BUS_MODIFY   Classes: ui.views.aR 
HTclEvent: SIGNAL_MODIFY   Classes: ui.views.aR 
HTclEvent: DEBUG_PORT_CONFIG_CHANGE   Classes: ui.views.aR 
HTclEvent: DEBUG_CORE_CONFIG_CHANGE   Classes: ui.views.aR 
 (See C:/Users/mulholbn/Downloads/ECE433/ECE433/stopwatch2019fallNexys3\planAhead_pid3952.debug)
ERROR: [Common 17-39] 'stop_gui' failed due to earlier errors.
INFO: [Common 17-206] Exiting PlanAhead at Mon Sep 30 11:39:05 2019...
INFO: [Common 17-83] Releasing license: PlanAhead
