#-----------------------------------------------------------
# PlanAhead v14.7 (64-bit)
# Build 321239 by xbuild on Fri Sep 27 19:29:51 MDT 2013
# Start of session at: Mon Sep 23 12:10:48 2019
# Process ID: 13224
# Log file: C:/Users/mulholbn/Downloads/ECE433/ECE433/Lab4/planAhead_run_2/planAhead.log
# Journal file: C:/Users/mulholbn/Downloads/ECE433/ECE433/Lab4/planAhead_run_2/planAhead.jou
#-----------------------------------------------------------
INFO: [Common 17-78] Attempting to get a license: PlanAhead
INFO: [Common 17-290] Got license for PlanAhead
INFO: [Common 17-86] Your PlanAhead license expires in -1727 day(s)
INFO: [Device 21-36] Loading parts and site information from C:/Xilinx/14.7/ISE_DS/PlanAhead/data/parts/arch.xml
Parsing RTL primitives file [C:/Xilinx/14.7/ISE_DS/PlanAhead/data/parts/xilinx/rtl/prims/rtl_prims.xml]
Finished parsing RTL primitives file [C:/Xilinx/14.7/ISE_DS/PlanAhead/data/parts/xilinx/rtl/prims/rtl_prims.xml]
start_gui
source C:/Users/mulholbn/Downloads/ECE433/ECE433/Lab4/pa.fromHdl.tcl
# create_project -name Lab4 -dir "C:/Users/mulholbn/Downloads/ECE433/ECE433/Lab4/planAhead_run_2" -part xc3s500efg320-4
# set_param project.pinAheadLayout yes
# set srcset [get_property srcset [current_run -impl]]
# set_property target_constrs_file "Constraints.ucf" [current_fileset -constrset]
Adding file 'C:/Users/mulholbn/Downloads/ECE433/ECE433/Lab4/Constraints.ucf' to fileset 'constrs_1'
# set hdlfile [add_files [list {lab4BNMDetect.v}]]
# set_property file_type Verilog $hdlfile
# set_property library work $hdlfile
# set hdlfile [add_files [list {BCDto7Segment.v}]]
# set_property file_type Verilog $hdlfile
# set_property library work $hdlfile
# set hdlfile [add_files [list {labece433detect01101withSegDisplay.v}]]
# set_property file_type Verilog $hdlfile
# set_property library work $hdlfile
# set_property top lab4ece433detect01101withSegDisplay $srcset
# add_files [list {Constraints.ucf}] -fileset [get_property constrset [current_run]]
# open_rtl_design -part xc3s500efg320-4
Using Verific elaboration
Parsing VHDL file "C:/Xilinx/14.7/ISE_DS/PlanAhead/data/parts/xilinx/rtl/lib/synplify/synattr.vhd" into library synplify
Analyzing Verilog file "C:/Users/mulholbn/Downloads/ECE433/ECE433/Lab4/lab4BNMDetect.v" into library work
Analyzing Verilog file "C:/Users/mulholbn/Downloads/ECE433/ECE433/Lab4/BCDto7Segment.v" into library work
Analyzing Verilog file "C:/Users/mulholbn/Downloads/ECE433/ECE433/Lab4/labece433detect01101withSegDisplay.v" into library work
INFO: [Designutils 20-910] Reading macro library C:/Xilinx/14.7/ISE_DS/PlanAhead/data\./parts/xilinx/spartan3e/spartan3e/hd_int_macros.edn
Parsing EDIF File [C:/Xilinx/14.7/ISE_DS/PlanAhead/data\./parts/xilinx/spartan3e/spartan3e/hd_int_macros.edn]
Finished Parsing EDIF File [C:/Xilinx/14.7/ISE_DS/PlanAhead/data\./parts/xilinx/spartan3e/spartan3e/hd_int_macros.edn]
Loading clock regions from C:/Xilinx/14.7/ISE_DS/PlanAhead/data\parts/xilinx/spartan3e/spartan3e/xc3s500e/ClockRegion.xml
Loading clock buffers from C:/Xilinx/14.7/ISE_DS/PlanAhead/data\parts/xilinx/spartan3e/spartan3e/xc3s500e/ClockBuffers.xml
Loading package from C:/Xilinx/14.7/ISE_DS/PlanAhead/data\parts/xilinx/spartan3e/spartan3e/xc3s500e/fg320/Package.xml
Loading io standards from C:/Xilinx/14.7/ISE_DS/PlanAhead/data\./parts/xilinx/spartan3e/IOStandards.xml
INFO: [Device 21-19] Loading pkg sso from C:/Xilinx/14.7/ISE_DS/PlanAhead/data\parts/xilinx/spartan3e/spartan3e/xc3s500e/fg320/SSORules.xml
Loading list of drcs for the architecture : C:/Xilinx/14.7/ISE_DS/PlanAhead/data\./parts/xilinx/spartan3e/spartan3e/drc.xml
INFO: [Timing 38-77] Reading timing library C:/Xilinx/14.7/ISE_DS/PlanAhead/data\parts/xilinx/spartan3e/spartan3e/spartan3e-4.lib.
INFO: [Timing 38-34] Done reading timing library C:/Xilinx/14.7/ISE_DS/PlanAhead/data\parts/xilinx/spartan3e/spartan3e/spartan3e-4.lib.
Parsing UCF File [C:/Users/mulholbn/Downloads/ECE433/ECE433/Lab4/Constraints.ucf]
CRITICAL WARNING: [Designutils 20-30] Unrecognized site U17 [C:/Users/mulholbn/Downloads/ECE433/ECE433/Lab4/Constraints.ucf:7]
CRITICAL WARNING: [Designutils 20-30] Unrecognized site N14 [C:/Users/mulholbn/Downloads/ECE433/ECE433/Lab4/Constraints.ucf:10]
CRITICAL WARNING: [Designutils 20-30] Unrecognized site M11 [C:/Users/mulholbn/Downloads/ECE433/ECE433/Lab4/Constraints.ucf:21]
Finished Parsing UCF File [C:/Users/mulholbn/Downloads/ECE433/ECE433/Lab4/Constraints.ucf]
INFO: [Designutils 20-20] Invalid constraints found, use command 'write_ucf -constraints invalid <file>' to save all the invalid constraints to a file
INFO: [Project 1-111] Unisim Transformation Summary:
No Unisim elements were transformed.

Phase 0 | Netlist Checksum: b0157785
open_rtl_design: Time (s): elapsed = 00:00:10 . Memory (MB): peak = 575.137 ; gain = 102.980
update_compile_order -fileset sim_1
set_property package_pin "" [get_ports [list  {Segments[5]}]]
exit
ERROR: [PlanAhead 12-106] *** Exception: ui.h.b: Found deleted key in HTclEventBroker. Verify if the classes listed here call cleanup()
HTclEvent: DEBUG_CORE_CONFIG_CHANGE   Classes: ui.views.aR 
HTclEvent: SIGNAL_MODIFY   Classes: ui.views.aR 
HTclEvent: DEBUG_PORT_CONFIG_CHANGE   Classes: ui.views.aR 
HTclEvent: SIGNAL_BUS_MODIFY   Classes: ui.views.aR 
 (See C:/Users/mulholbn/Downloads/ECE433/ECE433/Lab4\planAhead_pid13224.debug)
ERROR: [Common 17-39] 'stop_gui' failed due to earlier errors.
INFO: [Common 17-206] Exiting PlanAhead at Mon Sep 23 12:12:15 2019...
INFO: [Common 17-83] Releasing license: PlanAhead
