
****** PlanAhead v14.7
  **** Build 321239 by xbuild on Fri Sep 27 19:31:35 MDT 2013
    ** Copyright 1986-1999, 2001-2013 Xilinx, Inc. All Rights Reserved.

INFO: [Common 17-78] Attempting to get a license: PlanAhead
INFO: [Common 17-290] Got license for PlanAhead
INFO: [Common 17-86] Your PlanAhead license expires in -1712 day(s)
INFO: [Device 21-36] Loading parts and site information from E:/ISE/14.7/ISE_DS/PlanAhead/data/parts/arch.xml
Parsing RTL primitives file [E:/ISE/14.7/ISE_DS/PlanAhead/data/parts/xilinx/rtl/prims/rtl_prims.xml]
Finished parsing RTL primitives file [E:/ISE/14.7/ISE_DS/PlanAhead/data/parts/xilinx/rtl/prims/rtl_prims.xml]
start_gui
source E:/ECE433/ECE433/lab1Part2/pa.fromHdl.tcl
# create_project -name lab1Part2 -dir "E:/ECE433/ECE433/lab1Part2/planAhead_run_2" -part xc6slx16csg324-3
# set_param project.pinAheadLayout yes
# set srcset [get_property srcset [current_run -impl]]
# set_property target_constrs_file "lab1part2ece433BNM.ucf" [current_fileset -constrset]
Adding file 'E:/ECE433/ECE433/lab1Part2/lab1part2ece433BNM.ucf' to fileset 'constrs_1'
# set hdlfile [add_files [list {lab1part2ece433BNM.v}]]
# set_property file_type Verilog $hdlfile
# set_property library work $hdlfile
# set_property top lab1part2ece433BNM $srcset
# add_files [list {lab1part2ece433BNM.ucf}] -fileset [get_property constrset [current_run]]
# open_rtl_design -part xc6slx16csg324-3
Using Verific elaboration
Parsing VHDL file "E:/ISE/14.7/ISE_DS/PlanAhead/data/parts/xilinx/rtl/lib/synplify/synattr.vhd" into library synplify
Analyzing Verilog file "E:/ECE433/ECE433/lab1Part2/lab1part2ece433BNM.v" into library work
Loading clock regions from E:/ISE/14.7/ISE_DS/PlanAhead/data\parts/xilinx/spartan6/spartan6lx/xc6slx16/ClockRegion.xml
Loading clock buffers from E:/ISE/14.7/ISE_DS/PlanAhead/data\parts/xilinx/spartan6/spartan6lx/xc6slx16/ClockBuffers.xml
Loading package pin functions from E:/ISE/14.7/ISE_DS/PlanAhead/data\parts/xilinx/spartan6/PinFunctions.xml...
Loading package from E:/ISE/14.7/ISE_DS/PlanAhead/data\parts/xilinx/spartan6/spartan6lx/xc6slx16/csg324/Package.xml
Loading io standards from E:/ISE/14.7/ISE_DS/PlanAhead/data\./parts/xilinx/spartan6/IOStandards.xml
Loading device configuration modes from E:/ISE/14.7/ISE_DS/PlanAhead/data\parts/xilinx/spartan6/ConfigModes.xml
Loading list of drcs for the architecture : E:/ISE/14.7/ISE_DS/PlanAhead/data\./parts/xilinx/spartan6/drc.xml
Parsing UCF File [E:/ECE433/ECE433/lab1Part2/lab1part2ece433BNM.ucf]
Finished Parsing UCF File [E:/ECE433/ECE433/lab1Part2/lab1part2ece433BNM.ucf]
INFO: [Project 1-111] Unisim Transformation Summary:
No Unisim elements were transformed.

Phase 0 | Netlist Checksum: 176a375e
open_rtl_design: Time (s): elapsed = 00:00:07 . Memory (MB): peak = 530.313 ; gain = 107.832
update_compile_order -fileset sim_1
startgroup
set_property package_pin T5 [get_ports A0]
endgroup
startgroup
set_property package_pin T5 [get_ports A0]
endgroup
startgroup
set_property package_pin V8 [get_ports A0]
endgroup
startgroup
set_property package_pin T5 [get_ports A1]
endgroup
startgroup
set_property package_pin N8 [get_ports B0]
endgroup
startgroup
set_property package_pin U8 [get_ports B1]
endgroup
startgroup
set_property package_pin M11 [get_ports Y2]
endgroup
startgroup
set_property package_pin U15 [get_ports Y1]
endgroup
save_constraints
exit
ERROR: [Common 17-39] 'stop_gui' failed due to earlier errors.
INFO: [Common 17-206] Exiting PlanAhead at Sun Sep 08 17:59:16 2019...
INFO: [Common 17-83] Releasing license: PlanAhead
