Release 14.7 - ngc2edif P.20131013 (nt64)
Copyright (c) 1995-2013 Xilinx, Inc.  All rights reserved.
Reading design ROM50x7bits.ngc ...
WARNING:NetListWriters:298 - No output is written to ROM50x7bits.xncf, ignored.
Processing design ...
   Preping design's networks ...
   Preping design's macros ...
  finished :Prep
Writing EDIF netlist file ROM50x7bits.edif ...
ngc2edif: Total memory usage is 4310792 kilobytes

Release 14.7 - ngc2edif P.20131013 (nt64)
Copyright (c) 1995-2013 Xilinx, Inc.  All rights reserved.
Reading design ROM60x7bits.ngc ...
WARNING:NetListWriters:298 - No output is written to ROM60x7bits.xncf, ignored.
Processing design ...
   Preping design's networks ...
   Preping design's macros ...
  finished :Prep
Writing EDIF netlist file ROM60x7bits.edif ...
ngc2edif: Total memory usage is 4311208 kilobytes

Release 14.7 - ngc2edif P.20131013 (nt64)
Copyright (c) 1995-2013 Xilinx, Inc.  All rights reserved.
Reading design ROM60x7bits.ngc ...
WARNING:NetListWriters:298 - No output is written to ROM60x7bits.xncf, ignored.
Processing design ...
   Preping design's networks ...
   Preping design's macros ...
  finished :Prep
Writing EDIF netlist file ROM60x7bits.edif ...
ngc2edif: Total memory usage is 4311208 kilobytes

