#-----------------------------------------------------------
# PlanAhead v14.7 (64-bit)
# Build 321239 by xbuild on Fri Sep 27 19:29:51 MDT 2013
# Start of session at: Mon Sep 09 11:01:28 2019
# Process ID: 3000
# Log file: C:/Users/mulholbn/Downloads/ECE433/ECE433/Circuit3BNM/planAhead_run_1/planAhead.log
# Journal file: C:/Users/mulholbn/Downloads/ECE433/ECE433/Circuit3BNM/planAhead_run_1/planAhead.jou
#-----------------------------------------------------------
INFO: [Common 17-78] Attempting to get a license: PlanAhead
INFO: [Common 17-290] Got license for PlanAhead
INFO: [Common 17-86] Your PlanAhead license expires in -1713 day(s)
INFO: [Device 21-36] Loading parts and site information from C:/Xilinx/14.7/ISE_DS/PlanAhead/data/parts/arch.xml
Parsing RTL primitives file [C:/Xilinx/14.7/ISE_DS/PlanAhead/data/parts/xilinx/rtl/prims/rtl_prims.xml]
Finished parsing RTL primitives file [C:/Xilinx/14.7/ISE_DS/PlanAhead/data/parts/xilinx/rtl/prims/rtl_prims.xml]
start_gui
source C:/Users/mulholbn/Downloads/ECE433/ECE433/Circuit3BNM/pa.fromHdl.tcl
# create_project -name Circuit3BNM -dir "C:/Users/mulholbn/Downloads/ECE433/ECE433/Circuit3BNM/planAhead_run_1" -part xc6slx16csg324-3
# set_param project.pinAheadLayout yes
# set srcset [get_property srcset [current_run -impl]]
# set_property target_constrs_file "Gate3Mulholland.ucf" [current_fileset -constrset]
Adding file 'C:/Users/mulholbn/Downloads/ECE433/ECE433/Circuit3BNM/Gate3Mulholland.ucf' to fileset 'constrs_1'
# set hdlfile [add_files [list {Gate3Mulholland.v}]]
# set_property file_type Verilog $hdlfile
# set_property library work $hdlfile
# set_property top Gate3Mulholland $srcset
# add_files [list {Gate3Mulholland.ucf}] -fileset [get_property constrset [current_run]]
# open_rtl_design -part xc6slx16csg324-3
Using Verific elaboration
Parsing VHDL file "C:/Xilinx/14.7/ISE_DS/PlanAhead/data/parts/xilinx/rtl/lib/synplify/synattr.vhd" into library synplify
Analyzing Verilog file "C:/Users/mulholbn/Downloads/ECE433/ECE433/Circuit3BNM/Gate3Mulholland.v" into library work
Loading clock regions from C:/Xilinx/14.7/ISE_DS/PlanAhead/data\parts/xilinx/spartan6/spartan6lx/xc6slx16/ClockRegion.xml
Loading clock buffers from C:/Xilinx/14.7/ISE_DS/PlanAhead/data\parts/xilinx/spartan6/spartan6lx/xc6slx16/ClockBuffers.xml
Loading package pin functions from C:/Xilinx/14.7/ISE_DS/PlanAhead/data\parts/xilinx/spartan6/PinFunctions.xml...
Loading package from C:/Xilinx/14.7/ISE_DS/PlanAhead/data\parts/xilinx/spartan6/spartan6lx/xc6slx16/csg324/Package.xml
Loading io standards from C:/Xilinx/14.7/ISE_DS/PlanAhead/data\./parts/xilinx/spartan6/IOStandards.xml
Loading device configuration modes from C:/Xilinx/14.7/ISE_DS/PlanAhead/data\parts/xilinx/spartan6/ConfigModes.xml
Loading list of drcs for the architecture : C:/Xilinx/14.7/ISE_DS/PlanAhead/data\./parts/xilinx/spartan6/drc.xml
Parsing UCF File [C:/Users/mulholbn/Downloads/ECE433/ECE433/Circuit3BNM/Gate3Mulholland.ucf]
Finished Parsing UCF File [C:/Users/mulholbn/Downloads/ECE433/ECE433/Circuit3BNM/Gate3Mulholland.ucf]
INFO: [Project 1-111] Unisim Transformation Summary:
No Unisim elements were transformed.

Phase 0 | Netlist Checksum: 8e7299a7
open_rtl_design: Time (s): elapsed = 00:00:10 . Memory (MB): peak = 628.215 ; gain = 146.934
update_compile_order -fileset sim_1
exit
ERROR: [PlanAhead 12-106] *** Exception: ui.h.b: Found deleted key in HTclEventBroker. Verify if the classes listed here call cleanup()
HTclEvent: DEBUG_CORE_CONFIG_CHANGE   Classes: ui.views.aR 
HTclEvent: SIGNAL_BUS_MODIFY   Classes: ui.views.aR 
HTclEvent: SIGNAL_MODIFY   Classes: ui.views.aR 
HTclEvent: DEBUG_PORT_CONFIG_CHANGE   Classes: ui.views.aR 
 (See C:/Users/mulholbn/Downloads/ECE433/ECE433/Circuit3BNM\planAhead_pid3000.debug)
ERROR: [Common 17-39] 'stop_gui' failed due to earlier errors.
INFO: [Common 17-206] Exiting PlanAhead at Mon Sep 09 11:02:11 2019...
INFO: [Common 17-83] Releasing license: PlanAhead
