#-----------------------------------------------------------
# PlanAhead v14.7
# Build 321239 by xbuild on Fri Sep 27 19:31:35 MDT 2013
# Start of session at: Sun Sep 08 17:56:11 2019
# Process ID: 3112
# Log file: E:/ECE433/ECE433/lab1Part2/planAhead_run_3/planAhead.log
# Journal file: E:/ECE433/ECE433/lab1Part2/planAhead_run_3/planAhead.jou
#-----------------------------------------------------------
INFO: [Common 17-78] Attempting to get a license: PlanAhead
INFO: [Common 17-290] Got license for PlanAhead
INFO: [Common 17-86] Your PlanAhead license expires in -1712 day(s)
INFO: [Device 21-36] Loading parts and site information from E:/ISE/14.7/ISE_DS/PlanAhead/data/parts/arch.xml
Parsing RTL primitives file [E:/ISE/14.7/ISE_DS/PlanAhead/data/parts/xilinx/rtl/prims/rtl_prims.xml]
Finished parsing RTL primitives file [E:/ISE/14.7/ISE_DS/PlanAhead/data/parts/xilinx/rtl/prims/rtl_prims.xml]
start_gui
source E:/ECE433/ECE433/lab1Part2/pa.fromNetlist.tcl
# create_project -name lab1Part2 -dir "E:/ECE433/ECE433/lab1Part2/planAhead_run_3" -part xc6slx16csg324-3
# set_property design_mode GateLvl [get_property srcset [current_run -impl]]
# set_property edif_top_file "E:/ECE433/ECE433/lab1Part2/lab1part2ece433BNM.ngc" [ get_property srcset [ current_run ] ]
# add_files -norecurse { {E:/ECE433/ECE433/lab1Part2} }
# set_param project.pinAheadLayout  yes
# set_property target_constrs_file "lab1part2ece433BNM.ucf" [current_fileset -constrset]
Adding file 'E:/ECE433/ECE433/lab1Part2/lab1part2ece433BNM.ucf' to fileset 'constrs_1'
# add_files [list {lab1part2ece433BNM.ucf}] -fileset [get_property constrset [current_run]]
# link_design
Design is defaulting to srcset: sources_1
Design is defaulting to constrset: constrs_1
Design is defaulting to project part: xc6slx16csg324-3
Release 14.7 - ngc2edif P.20131013 (nt)
Copyright (c) 1995-2013 Xilinx, Inc.  All rights reserved.

Release 14.7 - ngc2edif P.20131013 (nt)
Copyright (c) 1995-2013 Xilinx, Inc.  All rights reserved.
Reading design lab1part2ece433BNM.ngc ...
WARNING:NetListWriters:298 - No output is written to lab1part2ece433BNM.xncf,
   ignored.
Processing design ...
   Preping design's networks ...
   Preping design's macros ...
  finished :Prep
Writing EDIF netlist file lab1part2ece433BNM.edif ...
ngc2edif: Total memory usage is 80916 kilobytes

Parsing EDIF File [./planAhead_run_3/lab1Part2.data/cache/lab1part2ece433BNM_ngc_zx.edif]
Finished Parsing EDIF File [./planAhead_run_3/lab1Part2.data/cache/lab1part2ece433BNM_ngc_zx.edif]
Loading clock regions from E:/ISE/14.7/ISE_DS/PlanAhead/data\parts/xilinx/spartan6/spartan6lx/xc6slx16/ClockRegion.xml
Loading clock buffers from E:/ISE/14.7/ISE_DS/PlanAhead/data\parts/xilinx/spartan6/spartan6lx/xc6slx16/ClockBuffers.xml
Loading package pin functions from E:/ISE/14.7/ISE_DS/PlanAhead/data\parts/xilinx/spartan6/PinFunctions.xml...
Loading package from E:/ISE/14.7/ISE_DS/PlanAhead/data\parts/xilinx/spartan6/spartan6lx/xc6slx16/csg324/Package.xml
Loading io standards from E:/ISE/14.7/ISE_DS/PlanAhead/data\./parts/xilinx/spartan6/IOStandards.xml
Loading device configuration modes from E:/ISE/14.7/ISE_DS/PlanAhead/data\parts/xilinx/spartan6/ConfigModes.xml
Loading list of drcs for the architecture : E:/ISE/14.7/ISE_DS/PlanAhead/data\./parts/xilinx/spartan6/drc.xml
Parsing UCF File [E:/ECE433/ECE433/lab1Part2/lab1part2ece433BNM.ucf]
Finished Parsing UCF File [E:/ECE433/ECE433/lab1Part2/lab1part2ece433BNM.ucf]
INFO: [Project 1-111] Unisim Transformation Summary:
No Unisim elements were transformed.

Phase 0 | Netlist Checksum: 8070b72f
link_design: Time (s): elapsed = 00:00:10 . Memory (MB): peak = 540.090 ; gain = 116.180
exit
ERROR: [PlanAhead 12-106] *** Exception: ui.h.b: Found deleted key in HTclEventBroker. Verify if the classes listed here call cleanup()
HTclEvent: DEBUG_PORT_CONFIG_CHANGE   Classes: ui.views.aR 
HTclEvent: SIGNAL_MODIFY   Classes: ui.views.aR 
HTclEvent: DEBUG_CORE_CONFIG_CHANGE   Classes: ui.views.aR 
HTclEvent: SIGNAL_BUS_MODIFY   Classes: ui.views.aR 
 (See E:/ECE433/ECE433/lab1Part2\planAhead_pid3112.debug)
ERROR: [Common 17-39] 'stop_gui' failed due to earlier errors.
INFO: [Common 17-206] Exiting PlanAhead at Sun Sep 08 17:59:20 2019...
INFO: [Common 17-83] Releasing license: PlanAhead
