Release 14.7 - xst P.20131013 (nt64)
Copyright (c) 1995-2013 Xilinx, Inc.  All rights reserved.
--> Parameter TMPDIR set to xst/projnav.tmp


Total REAL time to Xst completion: 1.00 secs
Total CPU time to Xst completion: 0.12 secs
 
--> Parameter xsthdpdir set to xst


Total REAL time to Xst completion: 1.00 secs
Total CPU time to Xst completion: 0.12 secs
 
--> Reading design: ClockModule2019.prj

TABLE OF CONTENTS
  1) Synthesis Options Summary
  2) HDL Parsing
  3) HDL Elaboration
  4) HDL Synthesis
       4.1) HDL Synthesis Report
  5) Advanced HDL Synthesis
       5.1) Advanced HDL Synthesis Report
  6) Low Level Synthesis
  7) Partition Report
  8) Design Summary
       8.1) Primitive and Black Box Usage
       8.2) Device utilization summary
       8.3) Partition Resource Summary
       8.4) Timing Report
            8.4.1) Clock Information
            8.4.2) Asynchronous Control Signals Information
            8.4.3) Timing Summary
            8.4.4) Timing Details
            8.4.5) Cross Clock Domains Report


=========================================================================
*                      Synthesis Options Summary                        *
=========================================================================
---- Source Parameters
Input File Name                    : "ClockModule2019.prj"
Ignore Synthesis Constraint File   : NO

---- Target Parameters
Output File Name                   : "ClockModule2019"
Output Format                      : NGC
Target Device                      : xc6slx16-3-csg324

---- Source Options
Top Module Name                    : ClockModule2019
Automatic FSM Extraction           : YES
FSM Encoding Algorithm             : Auto
Safe Implementation                : No
FSM Style                          : LUT
RAM Extraction                     : Yes
RAM Style                          : Auto
ROM Extraction                     : Yes
Shift Register Extraction          : YES
ROM Style                          : Auto
Resource Sharing                   : YES
Asynchronous To Synchronous        : NO
Shift Register Minimum Size        : 2
Use DSP Block                      : Auto
Automatic Register Balancing       : No

---- Target Options
LUT Combining                      : Auto
Reduce Control Sets                : Auto
Add IO Buffers                     : YES
Global Maximum Fanout              : 100000
Add Generic Clock Buffer(BUFG)     : 16
Register Duplication               : YES
Optimize Instantiated Primitives   : NO
Use Clock Enable                   : Auto
Use Synchronous Set                : Auto
Use Synchronous Reset              : Auto
Pack IO Registers into IOBs        : Auto
Equivalent register Removal        : YES

---- General Options
Optimization Goal                  : Speed
Optimization Effort                : 1
Power Reduction                    : NO
Keep Hierarchy                     : No
Netlist Hierarchy                  : As_Optimized
RTL Output                         : Yes
Global Optimization                : AllClockNets
Read Cores                         : YES
Write Timing Constraints           : NO
Cross Clock Analysis               : NO
Hierarchy Separator                : /
Bus Delimiter                      : <>
Case Specifier                     : Maintain
Slice Utilization Ratio            : 100
BRAM Utilization Ratio             : 100
DSP48 Utilization Ratio            : 100
Auto BRAM Packing                  : NO
Slice Utilization Ratio Delta      : 5

=========================================================================


=========================================================================
*                          HDL Parsing                                  *
=========================================================================
Analyzing Verilog file "E:\ECE433\ECE433\Lab5\DelayLoop.v" into library work
Parsing module <DelayLoop>.
Analyzing Verilog file "E:\ECE433\ECE433\Lab5\UniversalCounterWithoutLatch.v" into library work
Parsing module <UniversalCounterWithoutLatch>.
Analyzing Verilog file "E:\ECE433\ECE433\Lab5\PositiveClockedOneShot.v" into library work
Parsing module <PositiveClockedOneShot>.
Analyzing Verilog file "E:\ECE433\ECE433\Lab5\Debouncer2019fall.v" into library work
Parsing module <Debouncer2019fall>.
Analyzing Verilog file "E:\ECE433\ECE433\Lab5\SmartCounter.v" into library work
Parsing module <SmartCounter>.
Analyzing Verilog file "E:\ECE433\ECE433\Lab5\DebouncedOneShot.v" into library work
Parsing module <DebouncedOneShot>.
Analyzing Verilog file "E:\ECE433\ECE433\Lab5\ClockModule2019.v" into library work
Parsing module <ClockModule2019>.

=========================================================================
*                            HDL Elaboration                            *
=========================================================================

Elaborating module <ClockModule2019>.

Elaborating module <DebouncedOneShot>.

Elaborating module <Debouncer2019fall>.

Elaborating module <DelayLoop>.

Elaborating module <PositiveClockedOneShot>.

Elaborating module <SmartCounter(INIT=0,LOW=0,HIGH=9,LENGTH=4)>.

Elaborating module <UniversalCounterWithoutLatch(LENGTH=4,EndCount=9,BeginCount=0,InitialCount=0)>.

Elaborating module <SmartCounter(INIT=0,LOW=0,HIGH=5,LENGTH=4)>.

Elaborating module <UniversalCounterWithoutLatch(LENGTH=4,EndCount=5,BeginCount=0,InitialCount=0)>.

Elaborating module <SmartCounter(INIT=1,LOW=0,HIGH=9,LENGTH=4)>.

Elaborating module <UniversalCounterWithoutLatch(LENGTH=4,EndCount=9,BeginCount=0,InitialCount=1)>.

Elaborating module <SmartCounter(INIT=0,LOW=0,HIGH=1,LENGTH=4)>.

Elaborating module <UniversalCounterWithoutLatch(LENGTH=4,EndCount=1,BeginCount=0,InitialCount=0)>.
WARNING:HDLCompiler:1127 - "E:\ECE433\ECE433\Lab5\ClockModule2019.v" Line 67: Assignment to RollOver ignored, since the identifier is never used

Elaborating module <SmartCounter(INIT=0,LOW=0,HIGH=1,LENGTH=1)>.

Elaborating module <UniversalCounterWithoutLatch(LENGTH=1,EndCount=1,BeginCount=0,InitialCount=0)>.
WARNING:HDLCompiler:1127 - "E:\ECE433\ECE433\Lab5\ClockModule2019.v" Line 70: Assignment to AMPMCarry ignored, since the identifier is never used
WARNING:HDLCompiler:634 - "E:\ECE433\ECE433\Lab5\ClockModule2019.v" Line 64: Net <VCC> does not have a driver.

=========================================================================
*                           HDL Synthesis                               *
=========================================================================

Synthesizing Unit <ClockModule2019>.
    Related source file is "E:\ECE433\ECE433\Lab5\ClockModule2019.v".
INFO:Xst:3210 - "E:\ECE433\ECE433\Lab5\ClockModule2019.v" line 67: Output port <Carry> of the instance <Hour10Counter> is unconnected or connected to loadless signal.
INFO:Xst:3210 - "E:\ECE433\ECE433\Lab5\ClockModule2019.v" line 70: Output port <Carry> of the instance <AMPMCounter> is unconnected or connected to loadless signal.
WARNING:Xst:653 - Signal <VCC> is used but never assigned. This sourceless signal will be automatically connected to value GND.
    Summary:
	no macro.
Unit <ClockModule2019> synthesized.

Synthesizing Unit <DebouncedOneShot>.
    Related source file is "E:\ECE433\ECE433\Lab5\DebouncedOneShot.v".
    Summary:
	no macro.
Unit <DebouncedOneShot> synthesized.

Synthesizing Unit <Debouncer2019fall>.
    Related source file is "E:\ECE433\ECE433\Lab5\Debouncer2019fall.v".
        InitialState = 0
        DelayState = 1
        TransitState = 2
        OutputState = 3
    Found 2-bit register for signal <State>.
    Found finite state machine <FSM_0> for signal <State>.
    -----------------------------------------------------------------------
    | States             | 4                                              |
    | Transitions        | 8                                              |
    | Inputs             | 2                                              |
    | Outputs            | 2                                              |
    | Clock              | CLOCK (rising_edge)                            |
    | Reset              | Reset (positive)                               |
    | Reset type         | synchronous                                    |
    | Reset State        | 00                                             |
    | Encoding           | auto                                           |
    | Implementation     | LUT                                            |
    -----------------------------------------------------------------------
    Summary:
	inferred   1 Finite State Machine(s).
Unit <Debouncer2019fall> synthesized.

Synthesizing Unit <DelayLoop>.
    Related source file is "E:\ECE433\ECE433\Lab5\DelayLoop.v".
        DelayTime = 3
        NumberOfBits = 27
    Found 27-bit register for signal <count>.
    Found 27-bit adder for signal <count[26]_GND_4_o_add_4_OUT> created at line 24.
    Summary:
	inferred   1 Adder/Subtractor(s).
	inferred  27 D-type flip-flop(s).
	inferred   1 Multiplexer(s).
Unit <DelayLoop> synthesized.

Synthesizing Unit <PositiveClockedOneShot>.
    Related source file is "E:\ECE433\ECE433\Lab5\PositiveClockedOneShot.v".
        InitialState = 0
        OneShotState = 1
        UnusedState = 2
        WaitState = 3
    Found 2-bit register for signal <State>.
    Found finite state machine <FSM_1> for signal <State>.
    -----------------------------------------------------------------------
    | States             | 3                                              |
    | Transitions        | 6                                              |
    | Inputs             | 1                                              |
    | Outputs            | 1                                              |
    | Clock              | CLOCK (rising_edge)                            |
    | Reset              | Reset (positive)                               |
    | Reset type         | asynchronous                                   |
    | Reset State        | 11                                             |
    | Encoding           | auto                                           |
    | Implementation     | LUT                                            |
    -----------------------------------------------------------------------
    Summary:
	inferred   1 Finite State Machine(s).
Unit <PositiveClockedOneShot> synthesized.

Synthesizing Unit <SmartCounter_1>.
    Related source file is "E:\ECE433\ECE433\Lab5\SmartCounter.v".
        INIT = 0
        LOW = 0
        HIGH = 9
        LENGTH = 4
    Summary:
	no macro.
Unit <SmartCounter_1> synthesized.

Synthesizing Unit <UniversalCounterWithoutLatch_1>.
    Related source file is "E:\ECE433\ECE433\Lab5\UniversalCounterWithoutLatch.v".
        LENGTH = 4
        EndCount = 9
        BeginCount = 0
        InitialCount = 0
    Found 4-bit register for signal <Q>.
    Found 4-bit subtractor for signal <Q[3]_GND_8_o_sub_13_OUT> created at line 25.
    Found 4-bit adder for signal <Q[3]_GND_8_o_add_9_OUT> created at line 22.
    Summary:
	inferred   1 Adder/Subtractor(s).
	inferred   4 D-type flip-flop(s).
	inferred   8 Multiplexer(s).
Unit <UniversalCounterWithoutLatch_1> synthesized.

Synthesizing Unit <SmartCounter_2>.
    Related source file is "E:\ECE433\ECE433\Lab5\SmartCounter.v".
        INIT = 0
        LOW = 0
        HIGH = 5
        LENGTH = 4
    Summary:
	no macro.
Unit <SmartCounter_2> synthesized.

Synthesizing Unit <UniversalCounterWithoutLatch_2>.
    Related source file is "E:\ECE433\ECE433\Lab5\UniversalCounterWithoutLatch.v".
        LENGTH = 4
        EndCount = 5
        BeginCount = 0
        InitialCount = 0
    Found 4-bit register for signal <Q>.
    Found 4-bit subtractor for signal <Q[3]_GND_10_o_sub_13_OUT> created at line 25.
    Found 4-bit adder for signal <Q[3]_GND_10_o_add_9_OUT> created at line 22.
    Summary:
	inferred   1 Adder/Subtractor(s).
	inferred   4 D-type flip-flop(s).
	inferred   8 Multiplexer(s).
Unit <UniversalCounterWithoutLatch_2> synthesized.

Synthesizing Unit <SmartCounter_3>.
    Related source file is "E:\ECE433\ECE433\Lab5\SmartCounter.v".
        INIT = 1
        LOW = 0
        HIGH = 9
        LENGTH = 4
    Summary:
	no macro.
Unit <SmartCounter_3> synthesized.

Synthesizing Unit <UniversalCounterWithoutLatch_3>.
    Related source file is "E:\ECE433\ECE433\Lab5\UniversalCounterWithoutLatch.v".
        LENGTH = 4
        EndCount = 9
        BeginCount = 0
        InitialCount = 1
    Found 4-bit register for signal <Q>.
    Found 4-bit subtractor for signal <Q[3]_GND_12_o_sub_13_OUT> created at line 25.
    Found 4-bit adder for signal <Q[3]_GND_12_o_add_9_OUT> created at line 22.
    Summary:
	inferred   1 Adder/Subtractor(s).
	inferred   4 D-type flip-flop(s).
	inferred   8 Multiplexer(s).
Unit <UniversalCounterWithoutLatch_3> synthesized.

Synthesizing Unit <SmartCounter_4>.
    Related source file is "E:\ECE433\ECE433\Lab5\SmartCounter.v".
        INIT = 0
        LOW = 0
        HIGH = 1
        LENGTH = 4
    Summary:
	no macro.
Unit <SmartCounter_4> synthesized.

Synthesizing Unit <UniversalCounterWithoutLatch_4>.
    Related source file is "E:\ECE433\ECE433\Lab5\UniversalCounterWithoutLatch.v".
        LENGTH = 4
        EndCount = 1
        BeginCount = 0
        InitialCount = 0
    Found 4-bit register for signal <Q>.
    Found 4-bit subtractor for signal <Q[3]_GND_15_o_sub_13_OUT> created at line 25.
    Found 4-bit adder for signal <Q[3]_GND_15_o_add_9_OUT> created at line 22.
    Summary:
	inferred   1 Adder/Subtractor(s).
	inferred   4 D-type flip-flop(s).
	inferred   8 Multiplexer(s).
Unit <UniversalCounterWithoutLatch_4> synthesized.

Synthesizing Unit <SmartCounter_5>.
    Related source file is "E:\ECE433\ECE433\Lab5\SmartCounter.v".
        INIT = 0
        LOW = 0
        HIGH = 1
        LENGTH = 1
    Summary:
	no macro.
Unit <SmartCounter_5> synthesized.

Synthesizing Unit <UniversalCounterWithoutLatch_5>.
    Related source file is "E:\ECE433\ECE433\Lab5\UniversalCounterWithoutLatch.v".
        LENGTH = 1
        EndCount = 1
        BeginCount = 0
        InitialCount = 0
    Found 1-bit register for signal <Q>.
    Found 1-bit adder for signal <Q[0]_PWR_16_o_add_8_OUT<0>> created at line 22.
    Summary:
	inferred   1 Adder/Subtractor(s).
	inferred   1 D-type flip-flop(s).
	inferred   4 Multiplexer(s).
Unit <UniversalCounterWithoutLatch_5> synthesized.

=========================================================================
HDL Synthesis Report

Macro Statistics
# Adders/Subtractors                                   : 7
 1-bit adder                                           : 1
 27-bit adder                                          : 2
 4-bit addsub                                          : 4
# Registers                                            : 7
 1-bit register                                        : 1
 27-bit register                                       : 2
 4-bit register                                        : 4
# Multiplexers                                         : 38
 1-bit 2-to-1 multiplexer                              : 4
 27-bit 2-to-1 multiplexer                             : 2
 4-bit 2-to-1 multiplexer                              : 32
# FSMs                                                 : 7

=========================================================================
INFO:Xst:1767 - HDL ADVISOR - Resource sharing has identified that some arithmetic operations in this design can share the same physical resources for reduced device utilization. For improved clock frequency you may try to disable resource sharing.

=========================================================================
*                       Advanced HDL Synthesis                          *
=========================================================================


Synthesizing (advanced) Unit <DelayLoop>.
The following registers are absorbed into counter <count>: 1 register on signal <count>.
Unit <DelayLoop> synthesized (advanced).

=========================================================================
Advanced HDL Synthesis Report

Macro Statistics
# Adders/Subtractors                                   : 5
 1-bit adder                                           : 1
 4-bit addsub                                          : 4
# Counters                                             : 2
 27-bit up counter                                     : 2
# Registers                                            : 17
 Flip-Flops                                            : 17
# Multiplexers                                         : 36
 1-bit 2-to-1 multiplexer                              : 4
 4-bit 2-to-1 multiplexer                              : 32
# FSMs                                                 : 7

=========================================================================

=========================================================================
*                         Low Level Synthesis                           *
=========================================================================
Analyzing FSM <MFsm> for best encoding.
Optimizing FSM <FSM_0> on signal <State[1:2]> with gray encoding.
Optimizing FSM <FSM_0> on signal <State[1:2]> with gray encoding.
-------------------
 State | Encoding
-------------------
 00    | 00
 01    | 01
 10    | 11
 11    | 10
-------------------
Analyzing FSM <MFsm> for best encoding.
Optimizing FSM <FSM_1> on signal <State[1:2]> with sequential encoding.
Optimizing FSM <FSM_1> on signal <State[1:2]> with sequential encoding.
Optimizing FSM <FSM_1> on signal <State[1:2]> with sequential encoding.
Optimizing FSM <FSM_1> on signal <State[1:2]> with sequential encoding.
Optimizing FSM <FSM_1> on signal <State[1:2]> with sequential encoding.
-------------------
 State | Encoding
-------------------
 11    | 00
 01    | 01
 00    | 10
-------------------

Optimizing unit <ClockModule2019> ...

Optimizing unit <UniversalCounterWithoutLatch_1> ...

Optimizing unit <UniversalCounterWithoutLatch_2> ...

Optimizing unit <UniversalCounterWithoutLatch_3> ...

Optimizing unit <UniversalCounterWithoutLatch_4> ...
WARNING:Xst:1710 - FF/Latch <OS10Min/State_FSM_FFd2> (without init value) has a constant value of 0 in block <ClockModule2019>. This FF/Latch will be trimmed during the optimization process.
WARNING:Xst:1898 - Due to constant pushing, FF/Latch <OS10Min/State_FSM_FFd1> is unconnected in block <ClockModule2019>.
WARNING:Xst:2677 - Node <MinDetect/Debouncer/State_FSM_FFd1> of sequential type is unconnected in block <ClockModule2019>.
WARNING:Xst:2677 - Node <MinDetect/Debouncer/State_FSM_FFd2> of sequential type is unconnected in block <ClockModule2019>.
WARNING:Xst:2677 - Node <MinDetect/Debouncer/Timer/count_0> of sequential type is unconnected in block <ClockModule2019>.
WARNING:Xst:2677 - Node <MinDetect/Debouncer/Timer/count_1> of sequential type is unconnected in block <ClockModule2019>.
WARNING:Xst:2677 - Node <MinDetect/Debouncer/Timer/count_2> of sequential type is unconnected in block <ClockModule2019>.
WARNING:Xst:2677 - Node <MinDetect/Debouncer/Timer/count_3> of sequential type is unconnected in block <ClockModule2019>.
WARNING:Xst:2677 - Node <MinDetect/Debouncer/Timer/count_4> of sequential type is unconnected in block <ClockModule2019>.
WARNING:Xst:2677 - Node <MinDetect/Debouncer/Timer/count_5> of sequential type is unconnected in block <ClockModule2019>.
WARNING:Xst:2677 - Node <MinDetect/Debouncer/Timer/count_6> of sequential type is unconnected in block <ClockModule2019>.
WARNING:Xst:2677 - Node <MinDetect/Debouncer/Timer/count_7> of sequential type is unconnected in block <ClockModule2019>.
WARNING:Xst:2677 - Node <MinDetect/Debouncer/Timer/count_8> of sequential type is unconnected in block <ClockModule2019>.
WARNING:Xst:2677 - Node <MinDetect/Debouncer/Timer/count_9> of sequential type is unconnected in block <ClockModule2019>.
WARNING:Xst:2677 - Node <MinDetect/Debouncer/Timer/count_10> of sequential type is unconnected in block <ClockModule2019>.
WARNING:Xst:2677 - Node <MinDetect/Debouncer/Timer/count_11> of sequential type is unconnected in block <ClockModule2019>.
WARNING:Xst:2677 - Node <MinDetect/Debouncer/Timer/count_12> of sequential type is unconnected in block <ClockModule2019>.
WARNING:Xst:2677 - Node <MinDetect/Debouncer/Timer/count_13> of sequential type is unconnected in block <ClockModule2019>.
WARNING:Xst:2677 - Node <MinDetect/Debouncer/Timer/count_14> of sequential type is unconnected in block <ClockModule2019>.
WARNING:Xst:2677 - Node <MinDetect/Debouncer/Timer/count_15> of sequential type is unconnected in block <ClockModule2019>.
WARNING:Xst:2677 - Node <MinDetect/Debouncer/Timer/count_16> of sequential type is unconnected in block <ClockModule2019>.
WARNING:Xst:2677 - Node <MinDetect/Debouncer/Timer/count_17> of sequential type is unconnected in block <ClockModule2019>.
WARNING:Xst:2677 - Node <MinDetect/Debouncer/Timer/count_18> of sequential type is unconnected in block <ClockModule2019>.
WARNING:Xst:2677 - Node <MinDetect/Debouncer/Timer/count_19> of sequential type is unconnected in block <ClockModule2019>.
WARNING:Xst:2677 - Node <MinDetect/Debouncer/Timer/count_20> of sequential type is unconnected in block <ClockModule2019>.
WARNING:Xst:2677 - Node <MinDetect/Debouncer/Timer/count_21> of sequential type is unconnected in block <ClockModule2019>.
WARNING:Xst:2677 - Node <MinDetect/Debouncer/Timer/count_22> of sequential type is unconnected in block <ClockModule2019>.
WARNING:Xst:2677 - Node <MinDetect/Debouncer/Timer/count_23> of sequential type is unconnected in block <ClockModule2019>.
WARNING:Xst:2677 - Node <MinDetect/Debouncer/Timer/count_24> of sequential type is unconnected in block <ClockModule2019>.
WARNING:Xst:2677 - Node <MinDetect/Debouncer/Timer/count_25> of sequential type is unconnected in block <ClockModule2019>.
WARNING:Xst:2677 - Node <MinDetect/Debouncer/Timer/count_26> of sequential type is unconnected in block <ClockModule2019>.
WARNING:Xst:2677 - Node <MinDetect/Shot/State_FSM_FFd2> of sequential type is unconnected in block <ClockModule2019>.
WARNING:Xst:2677 - Node <MinDetect/Shot/State_FSM_FFd1> of sequential type is unconnected in block <ClockModule2019>.
WARNING:Xst:1710 - FF/Latch <HourDetect/Debouncer/Timer/count_24> (without init value) has a constant value of 0 in block <ClockModule2019>. This FF/Latch will be trimmed during the optimization process.
WARNING:Xst:1895 - Due to other FF/Latch trimming, FF/Latch <HourDetect/Debouncer/Timer/count_25> (without init value) has a constant value of 0 in block <ClockModule2019>. This FF/Latch will be trimmed during the optimization process.
WARNING:Xst:1895 - Due to other FF/Latch trimming, FF/Latch <HourDetect/Debouncer/Timer/count_26> (without init value) has a constant value of 0 in block <ClockModule2019>. This FF/Latch will be trimmed during the optimization process.
WARNING:Xst:1895 - Due to other FF/Latch trimming, FF/Latch <OSHour10/State_FSM_FFd2> (without init value) has a constant value of 0 in block <ClockModule2019>. This FF/Latch will be trimmed during the optimization process.
WARNING:Xst:1895 - Due to other FF/Latch trimming, FF/Latch <OSHour1/State_FSM_FFd2> (without init value) has a constant value of 0 in block <ClockModule2019>. This FF/Latch will be trimmed during the optimization process.
WARNING:Xst:1895 - Due to other FF/Latch trimming, FF/Latch <AMPMCounter/counter/Q_0> (without init value) has a constant value of 0 in block <ClockModule2019>. This FF/Latch will be trimmed during the optimization process.
WARNING:Xst:1895 - Due to other FF/Latch trimming, FF/Latch <Min1Counter/counter/Q_3> (without init value) has a constant value of 0 in block <ClockModule2019>. This FF/Latch will be trimmed during the optimization process.
WARNING:Xst:1895 - Due to other FF/Latch trimming, FF/Latch <Min1Counter/counter/Q_2> (without init value) has a constant value of 0 in block <ClockModule2019>. This FF/Latch will be trimmed during the optimization process.
WARNING:Xst:1895 - Due to other FF/Latch trimming, FF/Latch <Min1Counter/counter/Q_1> (without init value) has a constant value of 0 in block <ClockModule2019>. This FF/Latch will be trimmed during the optimization process.
WARNING:Xst:1895 - Due to other FF/Latch trimming, FF/Latch <Min1Counter/counter/Q_0> (without init value) has a constant value of 0 in block <ClockModule2019>. This FF/Latch will be trimmed during the optimization process.
WARNING:Xst:1895 - Due to other FF/Latch trimming, FF/Latch <Min10Counter/counter/Q_3> (without init value) has a constant value of 0 in block <ClockModule2019>. This FF/Latch will be trimmed during the optimization process.
WARNING:Xst:1895 - Due to other FF/Latch trimming, FF/Latch <Min10Counter/counter/Q_2> (without init value) has a constant value of 0 in block <ClockModule2019>. This FF/Latch will be trimmed during the optimization process.
WARNING:Xst:1895 - Due to other FF/Latch trimming, FF/Latch <Min10Counter/counter/Q_1> (without init value) has a constant value of 0 in block <ClockModule2019>. This FF/Latch will be trimmed during the optimization process.
WARNING:Xst:1895 - Due to other FF/Latch trimming, FF/Latch <Min10Counter/counter/Q_0> (without init value) has a constant value of 0 in block <ClockModule2019>. This FF/Latch will be trimmed during the optimization process.
WARNING:Xst:1895 - Due to other FF/Latch trimming, FF/Latch <Hour1Counter/counter/Q_3> (without init value) has a constant value of 0 in block <ClockModule2019>. This FF/Latch will be trimmed during the optimization process.
WARNING:Xst:1895 - Due to other FF/Latch trimming, FF/Latch <Hour1Counter/counter/Q_2> (without init value) has a constant value of 0 in block <ClockModule2019>. This FF/Latch will be trimmed during the optimization process.
WARNING:Xst:1895 - Due to other FF/Latch trimming, FF/Latch <Hour1Counter/counter/Q_1> (without init value) has a constant value of 0 in block <ClockModule2019>. This FF/Latch will be trimmed during the optimization process.
WARNING:Xst:1895 - Due to other FF/Latch trimming, FF/Latch <Hour1Counter/counter/Q_0> (without init value) has a constant value of 1 in block <ClockModule2019>. This FF/Latch will be trimmed during the optimization process.
WARNING:Xst:1895 - Due to other FF/Latch trimming, FF/Latch <Hour10Counter/counter/Q_3> (without init value) has a constant value of 0 in block <ClockModule2019>. This FF/Latch will be trimmed during the optimization process.
WARNING:Xst:1895 - Due to other FF/Latch trimming, FF/Latch <Hour10Counter/counter/Q_2> (without init value) has a constant value of 0 in block <ClockModule2019>. This FF/Latch will be trimmed during the optimization process.
WARNING:Xst:1895 - Due to other FF/Latch trimming, FF/Latch <Hour10Counter/counter/Q_1> (without init value) has a constant value of 0 in block <ClockModule2019>. This FF/Latch will be trimmed during the optimization process.
WARNING:Xst:1895 - Due to other FF/Latch trimming, FF/Latch <Hour10Counter/counter/Q_0> (without init value) has a constant value of 0 in block <ClockModule2019>. This FF/Latch will be trimmed during the optimization process.
WARNING:Xst:1895 - Due to other FF/Latch trimming, FF/Latch <HourDetect/Debouncer/Timer/count_2> (without init value) has a constant value of 0 in block <ClockModule2019>. This FF/Latch will be trimmed during the optimization process.
WARNING:Xst:1895 - Due to other FF/Latch trimming, FF/Latch <HourDetect/Debouncer/Timer/count_3> (without init value) has a constant value of 0 in block <ClockModule2019>. This FF/Latch will be trimmed during the optimization process.
WARNING:Xst:1895 - Due to other FF/Latch trimming, FF/Latch <HourDetect/Debouncer/Timer/count_4> (without init value) has a constant value of 0 in block <ClockModule2019>. This FF/Latch will be trimmed during the optimization process.
WARNING:Xst:1895 - Due to other FF/Latch trimming, FF/Latch <HourDetect/Debouncer/Timer/count_5> (without init value) has a constant value of 0 in block <ClockModule2019>. This FF/Latch will be trimmed during the optimization process.
WARNING:Xst:1895 - Due to other FF/Latch trimming, FF/Latch <HourDetect/Debouncer/Timer/count_6> (without init value) has a constant value of 0 in block <ClockModule2019>. This FF/Latch will be trimmed during the optimization process.
WARNING:Xst:1895 - Due to other FF/Latch trimming, FF/Latch <HourDetect/Debouncer/Timer/count_7> (without init value) has a constant value of 0 in block <ClockModule2019>. This FF/Latch will be trimmed during the optimization process.
WARNING:Xst:1895 - Due to other FF/Latch trimming, FF/Latch <HourDetect/Debouncer/Timer/count_8> (without init value) has a constant value of 0 in block <ClockModule2019>. This FF/Latch will be trimmed during the optimization process.
WARNING:Xst:1895 - Due to other FF/Latch trimming, FF/Latch <HourDetect/Debouncer/Timer/count_9> (without init value) has a constant value of 0 in block <ClockModule2019>. This FF/Latch will be trimmed during the optimization process.
WARNING:Xst:1895 - Due to other FF/Latch trimming, FF/Latch <HourDetect/Debouncer/Timer/count_10> (without init value) has a constant value of 0 in block <ClockModule2019>. This FF/Latch will be trimmed during the optimization process.
WARNING:Xst:1895 - Due to other FF/Latch trimming, FF/Latch <HourDetect/Debouncer/Timer/count_11> (without init value) has a constant value of 0 in block <ClockModule2019>. This FF/Latch will be trimmed during the optimization process.
WARNING:Xst:1895 - Due to other FF/Latch trimming, FF/Latch <HourDetect/Debouncer/Timer/count_12> (without init value) has a constant value of 0 in block <ClockModule2019>. This FF/Latch will be trimmed during the optimization process.
WARNING:Xst:1895 - Due to other FF/Latch trimming, FF/Latch <HourDetect/Debouncer/Timer/count_13> (without init value) has a constant value of 0 in block <ClockModule2019>. This FF/Latch will be trimmed during the optimization process.
WARNING:Xst:1895 - Due to other FF/Latch trimming, FF/Latch <HourDetect/Debouncer/Timer/count_14> (without init value) has a constant value of 0 in block <ClockModule2019>. This FF/Latch will be trimmed during the optimization process.
WARNING:Xst:1895 - Due to other FF/Latch trimming, FF/Latch <HourDetect/Debouncer/Timer/count_15> (without init value) has a constant value of 0 in block <ClockModule2019>. This FF/Latch will be trimmed during the optimization process.
WARNING:Xst:1895 - Due to other FF/Latch trimming, FF/Latch <HourDetect/Debouncer/Timer/count_16> (without init value) has a constant value of 0 in block <ClockModule2019>. This FF/Latch will be trimmed during the optimization process.
WARNING:Xst:1895 - Due to other FF/Latch trimming, FF/Latch <HourDetect/Debouncer/Timer/count_17> (without init value) has a constant value of 0 in block <ClockModule2019>. This FF/Latch will be trimmed during the optimization process.
WARNING:Xst:1895 - Due to other FF/Latch trimming, FF/Latch <HourDetect/Debouncer/Timer/count_18> (without init value) has a constant value of 0 in block <ClockModule2019>. This FF/Latch will be trimmed during the optimization process.
WARNING:Xst:1895 - Due to other FF/Latch trimming, FF/Latch <HourDetect/Debouncer/Timer/count_19> (without init value) has a constant value of 0 in block <ClockModule2019>. This FF/Latch will be trimmed during the optimization process.
WARNING:Xst:1895 - Due to other FF/Latch trimming, FF/Latch <HourDetect/Debouncer/Timer/count_20> (without init value) has a constant value of 0 in block <ClockModule2019>. This FF/Latch will be trimmed during the optimization process.
WARNING:Xst:1895 - Due to other FF/Latch trimming, FF/Latch <HourDetect/Debouncer/Timer/count_21> (without init value) has a constant value of 0 in block <ClockModule2019>. This FF/Latch will be trimmed during the optimization process.
WARNING:Xst:1895 - Due to other FF/Latch trimming, FF/Latch <HourDetect/Debouncer/Timer/count_22> (without init value) has a constant value of 0 in block <ClockModule2019>. This FF/Latch will be trimmed during the optimization process.
WARNING:Xst:1895 - Due to other FF/Latch trimming, FF/Latch <HourDetect/Debouncer/Timer/count_23> (without init value) has a constant value of 0 in block <ClockModule2019>. This FF/Latch will be trimmed during the optimization process.
WARNING:Xst:1898 - Due to constant pushing, FF/Latch <OSHour10/State_FSM_FFd1> is unconnected in block <ClockModule2019>.
WARNING:Xst:1898 - Due to constant pushing, FF/Latch <OSHour1/State_FSM_FFd1> is unconnected in block <ClockModule2019>.
WARNING:Xst:1898 - Due to constant pushing, FF/Latch <HourDetect/Shot/State_FSM_FFd1> is unconnected in block <ClockModule2019>.
WARNING:Xst:1898 - Due to constant pushing, FF/Latch <HourDetect/Shot/State_FSM_FFd2> is unconnected in block <ClockModule2019>.
WARNING:Xst:2677 - Node <HourDetect/Debouncer/State_FSM_FFd2> of sequential type is unconnected in block <ClockModule2019>.
WARNING:Xst:2677 - Node <HourDetect/Debouncer/State_FSM_FFd1> of sequential type is unconnected in block <ClockModule2019>.
WARNING:Xst:2677 - Node <HourDetect/Debouncer/Timer/count_0> of sequential type is unconnected in block <ClockModule2019>.
WARNING:Xst:2677 - Node <HourDetect/Debouncer/Timer/count_1> of sequential type is unconnected in block <ClockModule2019>.

Mapping all equations...
Building and optimizing final netlist ...
Found area constraint ratio of 100 (+ 5) on block ClockModule2019, actual ratio is 0.

Final Macro Processing ...

=========================================================================
Final Register Report

Found no macro
=========================================================================

=========================================================================
*                           Partition Report                            *
=========================================================================

Partition Implementation Status
-------------------------------

  No Partitions were found in this design.

-------------------------------

=========================================================================
*                            Design Summary                             *
=========================================================================

Top Level Output File Name         : ClockModule2019.ngc

Primitive and Black Box Usage:
------------------------------
# BELS                             : 2
#      GND                         : 1
#      VCC                         : 1
# IO Buffers                       : 17
#      OBUF                        : 17

Device utilization summary:
---------------------------

Selected Device : 6slx16csg324-3 


Slice Logic Utilization: 

Slice Logic Distribution: 
 Number of LUT Flip Flop pairs used:      0
   Number with an unused Flip Flop:       0  out of      0         
   Number with an unused LUT:             0  out of      0         
   Number of fully used LUT-FF pairs:     0  out of      0         
   Number of unique control sets:         0

IO Utilization: 
 Number of IOs:                          23
 Number of bonded IOBs:                  17  out of    232     7%  

Specific Feature Utilization:

---------------------------
Partition Resource Summary:
---------------------------

  No Partitions were found in this design.

---------------------------


=========================================================================
Timing Report

NOTE: THESE TIMING NUMBERS ARE ONLY A SYNTHESIS ESTIMATE.
      FOR ACCURATE TIMING INFORMATION PLEASE REFER TO THE TRACE REPORT
      GENERATED AFTER PLACE-and-ROUTE.

Clock Information:
------------------
No clock signals found in this design

Asynchronous Control Signals Information:
----------------------------------------
No asynchronous control signals found in this design

Timing Summary:
---------------
Speed Grade: -3

   Minimum period: No path found
   Minimum input arrival time before clock: No path found
   Maximum output required time after clock: No path found
   Maximum combinational path delay: No path found

Timing Details:
---------------
All values displayed in nanoseconds (ns)

=========================================================================

Cross Clock Domains Report:
--------------------------

=========================================================================


Total REAL time to Xst completion: 5.00 secs
Total CPU time to Xst completion: 4.92 secs
 
--> 

Total memory usage is 4487896 kilobytes

Number of errors   :    0 (   0 filtered)
Number of warnings :   89 (   0 filtered)
Number of infos    :    3 (   0 filtered)

