Running: E:\ISE\14.7\ISE_DS\ISE\bin\nt64\unwrapped\fuse.exe -intstyle ise -incremental -lib unisims_ver -lib unimacro_ver -lib xilinxcorelib_ver -lib secureip -o E:/ECE433/ECE433/Lab5/ClockTB_isim_beh.exe -prj E:/ECE433/ECE433/Lab5/ClockTB_beh.prj work.ClockTB work.glbl 
ISim P.20131013 (signature 0x7708f090)
Number of CPUs detected in this system: 16
Turning on mult-threading, number of parallel sub-compilation jobs: 32 
Determining compilation order of HDL files
Analyzing Verilog file "E:/ECE433/ECE433/Lab5/DelayLoop.v" into library work
Analyzing Verilog file "E:/ECE433/ECE433/Lab5/UniversalCounterWithoutLatch.v" into library work
Analyzing Verilog file "E:/ECE433/ECE433/Lab5/PositiveClockedOneShot.v" into library work
Analyzing Verilog file "E:/ECE433/ECE433/Lab5/Debouncer2019fall.v" into library work
Analyzing Verilog file "E:/ECE433/ECE433/Lab5/SmartCounter.v" into library work
Analyzing Verilog file "E:/ECE433/ECE433/Lab5/DebouncedOneShot.v" into library work
Analyzing Verilog file "E:/ECE433/ECE433/Lab5/ClockModule2019.v" into library work
Analyzing Verilog file "E:/ECE433/ECE433/Lab5/ClockTB.v" into library work
Analyzing Verilog file "E:/ISE/14.7/ISE_DS/ISE//verilog/src/glbl.v" into library work
Starting static elaboration
Completed static elaboration
Compiling module DelayLoop
Compiling module Debouncer2019fall
Compiling module PositiveClockedOneShot
Compiling module DebouncedOneShot
Compiling module UniversalCounterWithoutLatch(LEN...
Compiling module SmartCounter
Compiling module UniversalCounterWithoutLatch(LEN...
Compiling module SmartCounter(HIGH=5)
Compiling module UniversalCounterWithoutLatch(LEN...
Compiling module SmartCounter(INIT=1)
Compiling module UniversalCounterWithoutLatch(LEN...
Compiling module SmartCounter(HIGH=1)
Compiling module UniversalCounterWithoutLatch(LEN...
Compiling module SmartCounter(HIGH=1,LENGTH=1)
Compiling module ClockModule2019
Compiling module ClockTB
Compiling module glbl
Time Resolution for simulation is 1ps.
Compiled 17 Verilog Units
Built simulation executable E:/ECE433/ECE433/Lab5/ClockTB_isim_beh.exe
Fuse Memory Usage: 30900 KB
Fuse CPU Usage: 624 ms
