
****** PlanAhead v14.7
  **** Build 321239 by xbuild on Fri Sep 27 19:31:35 MDT 2013
    ** Copyright 1986-1999, 2001-2013 Xilinx, Inc. All Rights Reserved.

INFO: [Common 17-78] Attempting to get a license: PlanAhead
INFO: [Common 17-290] Got license for PlanAhead
INFO: [Common 17-86] Your PlanAhead license expires in -1772 day(s)
INFO: [Device 21-36] Loading parts and site information from E:/ISE/14.7/ISE_DS/PlanAhead/data/parts/arch.xml
Parsing RTL primitives file [E:/ISE/14.7/ISE_DS/PlanAhead/data/parts/xilinx/rtl/prims/rtl_prims.xml]
Finished parsing RTL primitives file [E:/ISE/14.7/ISE_DS/PlanAhead/data/parts/xilinx/rtl/prims/rtl_prims.xml]
start_gui
source {E:/ECE433/ECE433/Pong Project/Part2/ISE Files/pa.fromHdl.tcl}
# create_project -name PongProjectPhase2_BNM_IML -dir "E:/ECE433/ECE433/Pong Project/Part2/ISE Files/planAhead_run_1" -part xc6slx16csg324-3
# set_param project.pinAheadLayout yes
# set srcset [get_property srcset [current_run -impl]]
# set_property target_constrs_file "E:/ECE433/ECE433/Pong Project/Part2/Source Files/PongGame2019fall_JJS_JJS.ucf" [current_fileset -constrset]
Adding file 'E:/ECE433/ECE433/Pong Project/Part2/Source Files/PongGame2019fall_JJS_JJS.ucf' to fileset 'constrs_1'
# set hdlfile [add_files [list {../Source Files/UniversalCounter2019fall.v}]]
# set_property file_type Verilog $hdlfile
# set_property library work $hdlfile
# set hdlfile [add_files [list {../Source Files/ClockedNegativeOneShot.v}]]
# set_property file_type Verilog $hdlfile
# set_property library work $hdlfile
# set hdlfile [add_files [list {../Source Files/vsyncModule2019fallTemplate.v}]]
# set_property file_type Verilog $hdlfile
# set_property library work $hdlfile
# set hdlfile [add_files [list {../Source Files/hsyncModule2019fall.v}]]
# set_property file_type Verilog $hdlfile
# set_property library work $hdlfile
# set hdlfile [add_files [list {../Source Files/CRTClock2019Template.v}]]
# set_property file_type Verilog $hdlfile
# set_property library work $hdlfile
# set hdlfile [add_files [list {../Source Files/Game2019fall.v}]]
# set_property file_type Verilog $hdlfile
# set_property library work $hdlfile
# set hdlfile [add_files [list {../Source Files/CRTcontroller2019fall.v}]]
# set_property file_type Verilog $hdlfile
# set_property library work $hdlfile
# set hdlfile [add_files [list {../Source Files/PongGame2019fall_JJS_JJS.v}]]
# set_property file_type Verilog $hdlfile
# set_property library work $hdlfile
# set_property top PongNexys3 $srcset
# add_files [list {E:/ECE433/ECE433/Pong Project/Part2/Source Files/PongGame2019fall_JJS_JJS.ucf}] -fileset [get_property constrset [current_run]]
# open_rtl_design -part xc6slx16csg324-3
Using Verific elaboration
Parsing VHDL file "E:/ISE/14.7/ISE_DS/PlanAhead/data/parts/xilinx/rtl/lib/synplify/synattr.vhd" into library synplify
Analyzing Verilog file "E:/ECE433/ECE433/Pong Project/Part2/Source Files/UniversalCounter2019fall.v" into library work
Analyzing Verilog file "E:/ECE433/ECE433/Pong Project/Part2/Source Files/ClockedNegativeOneShot.v" into library work
Analyzing Verilog file "E:/ECE433/ECE433/Pong Project/Part2/Source Files/vsyncModule2019fallTemplate.v" into library work
Analyzing Verilog file "E:/ECE433/ECE433/Pong Project/Part2/Source Files/hsyncModule2019fall.v" into library work
Analyzing Verilog file "E:/ECE433/ECE433/Pong Project/Part2/Source Files/CRTClock2019Template.v" into library work
Analyzing Verilog file "E:/ECE433/ECE433/Pong Project/Part2/Source Files/Game2019fall.v" into library work
Analyzing Verilog file "E:/ECE433/ECE433/Pong Project/Part2/Source Files/CRTcontroller2019fall.v" into library work
Analyzing Verilog file "E:/ECE433/ECE433/Pong Project/Part2/Source Files/PongGame2019fall_JJS_JJS.v" into library work
Loading clock regions from E:/ISE/14.7/ISE_DS/PlanAhead/data\parts/xilinx/spartan6/spartan6lx/xc6slx16/ClockRegion.xml
Loading clock buffers from E:/ISE/14.7/ISE_DS/PlanAhead/data\parts/xilinx/spartan6/spartan6lx/xc6slx16/ClockBuffers.xml
Loading package pin functions from E:/ISE/14.7/ISE_DS/PlanAhead/data\parts/xilinx/spartan6/PinFunctions.xml...
Loading package from E:/ISE/14.7/ISE_DS/PlanAhead/data\parts/xilinx/spartan6/spartan6lx/xc6slx16/csg324/Package.xml
Loading io standards from E:/ISE/14.7/ISE_DS/PlanAhead/data\./parts/xilinx/spartan6/IOStandards.xml
Loading device configuration modes from E:/ISE/14.7/ISE_DS/PlanAhead/data\parts/xilinx/spartan6/ConfigModes.xml
Loading list of drcs for the architecture : E:/ISE/14.7/ISE_DS/PlanAhead/data\./parts/xilinx/spartan6/drc.xml
Parsing UCF File [E:/ECE433/ECE433/Pong Project/Part2/Source Files/PongGame2019fall_JJS_JJS.ucf]
Finished Parsing UCF File [E:/ECE433/ECE433/Pong Project/Part2/Source Files/PongGame2019fall_JJS_JJS.ucf]
INFO: [Project 1-111] Unisim Transformation Summary:
No Unisim elements were transformed.

Phase 0 | Netlist Checksum: 1a1c92a4
open_rtl_design: Time (s): elapsed = 00:00:11 . Memory (MB): peak = 527.684 ; gain = 91.063
update_compile_order -fileset sim_1
exit
ERROR: [Common 17-39] 'stop_gui' failed due to earlier errors.
INFO: [Common 17-206] Exiting PlanAhead at Thu Nov 07 08:01:40 2019...
INFO: [Common 17-83] Releasing license: PlanAhead
