--------------------------------------------------------------------------------
Release 14.7 Trace  (nt64)
Copyright (c) 1995-2013 Xilinx, Inc.  All rights reserved.

E:\ISE\14.7\ISE_DS\ISE\bin\nt64\unwrapped\trce.exe -intstyle ise -v 3 -s 3 -n 3
-fastpaths -xml lab1part2ece433BNM.twx lab1part2ece433BNM.ncd -o
lab1part2ece433BNM.twr lab1part2ece433BNM.pcf -ucf lab1part2ece433BNM.ucf

Design file:              lab1part2ece433BNM.ncd
Physical constraint file: lab1part2ece433BNM.pcf
Device,package,speed:     xc6slx16,csg324,C,-3 (PRODUCTION 1.23 2013-10-13)
Report level:             verbose report

Environment Variable      Effect 
--------------------      ------ 
NONE                      No environment variables were set
--------------------------------------------------------------------------------

INFO:Timing:2698 - No timing constraints found, doing default enumeration.
INFO:Timing:3412 - To improve timing, see the Timing Closure User Guide (UG612).
INFO:Timing:2752 - To get complete path coverage, use the unconstrained paths 
   option. All paths that are not constrained will be reported in the 
   unconstrained paths section(s) of the report.
INFO:Timing:3339 - The clock-to-out numbers in this timing report are based on 
   a 50 Ohm transmission line loading model.  For the details of this model, 
   and for more information on accounting for different loading conditions, 
   please see the device datasheet.



Data Sheet report:
-----------------
All values displayed in nanoseconds (ns)

Pad to Pad
---------------+---------------+---------+
Source Pad     |Destination Pad|  Delay  |
---------------+---------------+---------+
A0             |Y0             |    7.585|
A0             |Y1             |    7.950|
A0             |Y2             |    7.242|
A1             |Y1             |    8.359|
A1             |Y2             |    7.651|
B0             |Y0             |    7.470|
B0             |Y1             |    7.879|
B0             |Y2             |    7.171|
B1             |Y1             |    8.204|
B1             |Y2             |    7.496|
---------------+---------------+---------+


Analysis completed Sun Sep 08 18:04:34 2019 
--------------------------------------------------------------------------------

Trace Settings:
-------------------------
Trace Settings 

Peak Memory Usage: 4576 MB



