Release 14.7 - xst P.20131013 (nt64)
Copyright (c) 1995-2013 Xilinx, Inc.  All rights reserved.
--> Parameter TMPDIR set to xst/projnav.tmp


Total REAL time to Xst completion: 0.00 secs
Total CPU time to Xst completion: 0.09 secs
 
--> Parameter xsthdpdir set to xst


Total REAL time to Xst completion: 0.00 secs
Total CPU time to Xst completion: 0.10 secs
 
--> Reading design: I2C_DataUnit.prj

TABLE OF CONTENTS
  1) Synthesis Options Summary
  2) HDL Parsing
  3) HDL Elaboration
  4) HDL Synthesis
       4.1) HDL Synthesis Report
  5) Advanced HDL Synthesis
       5.1) Advanced HDL Synthesis Report
  6) Low Level Synthesis
  7) Partition Report
  8) Design Summary
       8.1) Primitive and Black Box Usage
       8.2) Device utilization summary
       8.3) Partition Resource Summary
       8.4) Timing Report
            8.4.1) Clock Information
            8.4.2) Asynchronous Control Signals Information
            8.4.3) Timing Summary
            8.4.4) Timing Details
            8.4.5) Cross Clock Domains Report


=========================================================================
*                      Synthesis Options Summary                        *
=========================================================================
---- Source Parameters
Input File Name                    : "I2C_DataUnit.prj"
Ignore Synthesis Constraint File   : NO

---- Target Parameters
Output File Name                   : "I2C_DataUnit"
Output Format                      : NGC
Target Device                      : xc6slx16-3-csg324

---- Source Options
Top Module Name                    : I2C_DataUnit
Automatic FSM Extraction           : YES
FSM Encoding Algorithm             : Auto
Safe Implementation                : No
FSM Style                          : LUT
RAM Extraction                     : Yes
RAM Style                          : Auto
ROM Extraction                     : Yes
Shift Register Extraction          : YES
ROM Style                          : Auto
Resource Sharing                   : YES
Asynchronous To Synchronous        : NO
Shift Register Minimum Size        : 2
Use DSP Block                      : Auto
Automatic Register Balancing       : No

---- Target Options
LUT Combining                      : Auto
Reduce Control Sets                : Auto
Add IO Buffers                     : YES
Global Maximum Fanout              : 100000
Add Generic Clock Buffer(BUFG)     : 16
Register Duplication               : YES
Optimize Instantiated Primitives   : NO
Use Clock Enable                   : Auto
Use Synchronous Set                : Auto
Use Synchronous Reset              : Auto
Pack IO Registers into IOBs        : Auto
Equivalent register Removal        : YES

---- General Options
Optimization Goal                  : Speed
Optimization Effort                : 1
Power Reduction                    : NO
Keep Hierarchy                     : No
Netlist Hierarchy                  : As_Optimized
RTL Output                         : Yes
Global Optimization                : AllClockNets
Read Cores                         : YES
Write Timing Constraints           : NO
Cross Clock Analysis               : NO
Hierarchy Separator                : /
Bus Delimiter                      : <>
Case Specifier                     : Maintain
Slice Utilization Ratio            : 100
BRAM Utilization Ratio             : 100
DSP48 Utilization Ratio            : 100
Auto BRAM Packing                  : NO
Slice Utilization Ratio Delta      : 5

---- Other Options
Cores Search Directories           : {"ipcore_dir"  }

=========================================================================


=========================================================================
*                          HDL Parsing                                  *
=========================================================================
Analyzing Verilog file "E:\ECE433\ECE433\Lab7\I2C_ShiftRegister.v" into library work
Parsing module <I2C_ShiftRegister>.
Analyzing Verilog file "E:\ECE433\ECE433\Lab7\I2C_SDAmodule.v" into library work
Parsing module <I2C_SDAmodule>.
Analyzing Verilog file "E:\ECE433\ECE433\Lab7\I2C_DataUnit.v" into library work
Parsing module <I2C_DataUnit>.

=========================================================================
*                            HDL Elaboration                            *
=========================================================================

Elaborating module <I2C_DataUnit>.

Elaborating module <I2C_ShiftRegister>.

Elaborating module <I2C_SDAmodule>.

=========================================================================
*                           HDL Synthesis                               *
=========================================================================

Synthesizing Unit <I2C_DataUnit>.
    Related source file is "E:\ECE433\ECE433\Lab7\I2C_DataUnit.v".
        LENGTH = 8
    Summary:
	no macro.
Unit <I2C_DataUnit> synthesized.

Synthesizing Unit <I2C_ShiftRegister>.
    Related source file is "E:\ECE433\ECE433\Lab7\I2C_ShiftRegister.v".
        LENGTH = 8
    Found 8-bit register for signal <ShiftRegister>.
    Summary:
	inferred   8 D-type flip-flop(s).
	inferred   1 Multiplexer(s).
Unit <I2C_ShiftRegister> synthesized.

Synthesizing Unit <I2C_SDAmodule>.
    Related source file is "E:\ECE433\ECE433\Lab7\I2C_SDAmodule.v".
    Found 1-bit tristate buffer for signal <SDA> created at line 37
    Summary:
	inferred   1 Multiplexer(s).
	inferred   1 Tristate(s).
Unit <I2C_SDAmodule> synthesized.

=========================================================================
HDL Synthesis Report

Macro Statistics
# Registers                                            : 1
 8-bit register                                        : 1
# Multiplexers                                         : 2
 1-bit 2-to-1 multiplexer                              : 1
 8-bit 2-to-1 multiplexer                              : 1
# Tristates                                            : 1
 1-bit tristate buffer                                 : 1

=========================================================================

=========================================================================
*                       Advanced HDL Synthesis                          *
=========================================================================


=========================================================================
Advanced HDL Synthesis Report

Macro Statistics
# Registers                                            : 8
 Flip-Flops                                            : 8
# Multiplexers                                         : 9
 1-bit 2-to-1 multiplexer                              : 9

=========================================================================

=========================================================================
*                         Low Level Synthesis                           *
=========================================================================

Optimizing unit <I2C_DataUnit> ...

Optimizing unit <I2C_ShiftRegister> ...

Mapping all equations...
Building and optimizing final netlist ...
Found area constraint ratio of 100 (+ 5) on block I2C_DataUnit, actual ratio is 0.

Final Macro Processing ...

=========================================================================
Final Register Report

Macro Statistics
# Registers                                            : 8
 Flip-Flops                                            : 8

=========================================================================

=========================================================================
*                           Partition Report                            *
=========================================================================

Partition Implementation Status
-------------------------------

  No Partitions were found in this design.

-------------------------------

=========================================================================
*                            Design Summary                             *
=========================================================================

Top Level Output File Name         : I2C_DataUnit.ngc

Primitive and Black Box Usage:
------------------------------
# BELS                             : 10
#      LUT2                        : 1
#      LUT3                        : 8
#      LUT5                        : 1
# FlipFlops/Latches                : 8
#      FDRE                        : 8
# Clock Buffers                    : 1
#      BUFGP                       : 1
# IO Buffers                       : 23
#      IBUF                        : 14
#      OBUF                        : 8
#      OBUFT                       : 1

Device utilization summary:
---------------------------

Selected Device : 6slx16csg324-3 


Slice Logic Utilization: 
 Number of Slice Registers:               8  out of  18224     0%  
 Number of Slice LUTs:                   10  out of   9112     0%  
    Number used as Logic:                10  out of   9112     0%  

Slice Logic Distribution: 
 Number of LUT Flip Flop pairs used:     10
   Number with an unused Flip Flop:       2  out of     10    20%  
   Number with an unused LUT:             0  out of     10     0%  
   Number of fully used LUT-FF pairs:     8  out of     10    80%  
   Number of unique control sets:         1

IO Utilization: 
 Number of IOs:                          24
 Number of bonded IOBs:                  24  out of    232    10%  

Specific Feature Utilization:
 Number of BUFG/BUFGCTRLs:                1  out of     16     6%  

---------------------------
Partition Resource Summary:
---------------------------

  No Partitions were found in this design.

---------------------------


=========================================================================
Timing Report

NOTE: THESE TIMING NUMBERS ARE ONLY A SYNTHESIS ESTIMATE.
      FOR ACCURATE TIMING INFORMATION PLEASE REFER TO THE TRACE REPORT
      GENERATED AFTER PLACE-and-ROUTE.

Clock Information:
------------------
-----------------------------------+------------------------+-------+
Clock Signal                       | Clock buffer(FF name)  | Load  |
-----------------------------------+------------------------+-------+
clock                              | BUFGP                  | 8     |
-----------------------------------+------------------------+-------+

Asynchronous Control Signals Information:
----------------------------------------
No asynchronous control signals found in this design

Timing Summary:
---------------
Speed Grade: -3

   Minimum period: 1.405ns (Maximum Frequency: 711.617MHz)
   Minimum input arrival time before clock: 3.482ns
   Maximum output required time after clock: 4.453ns
   Maximum combinational path delay: 5.422ns

Timing Details:
---------------
All values displayed in nanoseconds (ns)

=========================================================================
Timing constraint: Default period analysis for Clock 'clock'
  Clock period: 1.405ns (frequency: 711.617MHz)
  Total number of paths / destination ports: 8 / 8
-------------------------------------------------------------------------
Delay:               1.405ns (Levels of Logic = 1)
  Source:            ShiftUnit/ShiftRegister_7 (FF)
  Destination:       ShiftUnit/ShiftRegister_0 (FF)
  Source Clock:      clock rising
  Destination Clock: clock rising

  Data Path: ShiftUnit/ShiftRegister_7 to ShiftUnit/ShiftRegister_0
                                Gate     Net
    Cell:in->out      fanout   Delay   Delay  Logical Name (Net Name)
    ----------------------------------------  ------------
     FDRE:C->Q             3   0.447   0.651  ShiftUnit/ShiftRegister_7 (ShiftUnit/ShiftRegister_7)
     LUT5:I4->O            1   0.205   0.000  ShiftUnit/mux111 (ShiftUnit/ShiftorHold_ParallelIn[7]_mux_6_OUT<0>)
     FDRE:D                    0.102          ShiftUnit/ShiftRegister_0
    ----------------------------------------
    Total                      1.405ns (0.754ns logic, 0.651ns route)
                                       (53.7% logic, 46.3% route)

=========================================================================
Timing constraint: Default OFFSET IN BEFORE for Clock 'clock'
  Total number of paths / destination ports: 42 / 24
-------------------------------------------------------------------------
Offset:              3.482ns (Levels of Logic = 2)
  Source:            WriteLoad (PAD)
  Destination:       ShiftUnit/ShiftRegister_7 (FF)
  Destination Clock: clock rising

  Data Path: WriteLoad to ShiftUnit/ShiftRegister_7
                                Gate     Net
    Cell:in->out      fanout   Delay   Delay  Logical Name (Net Name)
    ----------------------------------------  ------------
     IBUF:I->O             9   1.222   0.934  WriteLoad_IBUF (WriteLoad_IBUF)
     LUT2:I0->O            8   0.203   0.802  ShiftUnit/_n0021_inv1 (ShiftUnit/_n0021_inv)
     FDRE:CE                   0.322          ShiftUnit/ShiftRegister_0
    ----------------------------------------
    Total                      3.482ns (1.747ns logic, 1.735ns route)
                                       (50.2% logic, 49.8% route)

=========================================================================
Timing constraint: Default OFFSET OUT AFTER for Clock 'clock'
  Total number of paths / destination ports: 9 / 9
-------------------------------------------------------------------------
Offset:              4.453ns (Levels of Logic = 2)
  Source:            ShiftUnit/ShiftRegister_7 (FF)
  Destination:       SDA (PAD)
  Source Clock:      clock rising

  Data Path: ShiftUnit/ShiftRegister_7 to SDA
                                Gate     Net
    Cell:in->out      fanout   Delay   Delay  Logical Name (Net Name)
    ----------------------------------------  ------------
     FDRE:C->Q             3   0.447   0.651  ShiftUnit/ShiftRegister_7 (ShiftUnit/ShiftRegister_7)
     LUT3:I2->O            1   0.205   0.579  SDAUnit/Mmux_ShiftIn11 (ShiftDataIn)
     OBUFT:I->O                2.571          SDA_OBUFT (SDA)
    ----------------------------------------
    Total                      4.453ns (3.223ns logic, 1.230ns route)
                                       (72.4% logic, 27.6% route)

=========================================================================
Timing constraint: Default path analysis
  Total number of paths / destination ports: 3 / 1
-------------------------------------------------------------------------
Delay:               5.422ns (Levels of Logic = 3)
  Source:            Select (PAD)
  Destination:       SDA (PAD)

  Data Path: Select to SDA
                                Gate     Net
    Cell:in->out      fanout   Delay   Delay  Logical Name (Net Name)
    ----------------------------------------  ------------
     IBUF:I->O             2   1.222   0.845  Select_IBUF (Select_IBUF)
     LUT3:I0->O            1   0.205   0.579  SDAUnit/Mmux_ShiftIn11 (ShiftDataIn)
     OBUFT:I->O                2.571          SDA_OBUFT (SDA)
    ----------------------------------------
    Total                      5.422ns (3.998ns logic, 1.424ns route)
                                       (73.7% logic, 26.3% route)

=========================================================================

Cross Clock Domains Report:
--------------------------

Clock to Setup on destination clock clock
---------------+---------+---------+---------+---------+
               | Src:Rise| Src:Fall| Src:Rise| Src:Fall|
Source Clock   |Dest:Rise|Dest:Rise|Dest:Fall|Dest:Fall|
---------------+---------+---------+---------+---------+
clock          |    1.405|         |         |         |
---------------+---------+---------+---------+---------+

=========================================================================


Total REAL time to Xst completion: 4.00 secs
Total CPU time to Xst completion: 4.30 secs
 
--> 

Total memory usage is 4486628 kilobytes

Number of errors   :    0 (   0 filtered)
Number of warnings :    0 (   0 filtered)
Number of infos    :    0 (   0 filtered)

