Release 14.7 - xst P.20131013 (nt64)
Copyright (c) 1995-2013 Xilinx, Inc.  All rights reserved.
--> Parameter TMPDIR set to xst/projnav.tmp


Total REAL time to Xst completion: 0.00 secs
Total CPU time to Xst completion: 0.15 secs
 
--> Parameter xsthdpdir set to xst


Total REAL time to Xst completion: 0.00 secs
Total CPU time to Xst completion: 0.16 secs
 
--> Reading design: Lab7I2Cphase1Fall2019BNM_IML.prj

TABLE OF CONTENTS
  1) Synthesis Options Summary
  2) HDL Parsing
  3) HDL Elaboration
  4) HDL Synthesis
       4.1) HDL Synthesis Report
  5) Advanced HDL Synthesis
       5.1) Advanced HDL Synthesis Report
  6) Low Level Synthesis
  7) Partition Report
  8) Design Summary
       8.1) Primitive and Black Box Usage
       8.2) Device utilization summary
       8.3) Partition Resource Summary
       8.4) Timing Report
            8.4.1) Clock Information
            8.4.2) Asynchronous Control Signals Information
            8.4.3) Timing Summary
            8.4.4) Timing Details
            8.4.5) Cross Clock Domains Report


=========================================================================
*                      Synthesis Options Summary                        *
=========================================================================
---- Source Parameters
Input File Name                    : "Lab7I2Cphase1Fall2019BNM_IML.prj"
Ignore Synthesis Constraint File   : NO

---- Target Parameters
Output File Name                   : "Lab7I2Cphase1Fall2019BNM_IML"
Output Format                      : NGC
Target Device                      : xc6slx16-3-csg324

---- Source Options
Top Module Name                    : Lab7I2Cphase1Fall2019BNM_IML
Automatic FSM Extraction           : YES
FSM Encoding Algorithm             : Auto
Safe Implementation                : No
FSM Style                          : LUT
RAM Extraction                     : Yes
RAM Style                          : Auto
ROM Extraction                     : Yes
Shift Register Extraction          : YES
ROM Style                          : Auto
Resource Sharing                   : YES
Asynchronous To Synchronous        : NO
Shift Register Minimum Size        : 2
Use DSP Block                      : Auto
Automatic Register Balancing       : No

---- Target Options
LUT Combining                      : Auto
Reduce Control Sets                : Auto
Add IO Buffers                     : YES
Global Maximum Fanout              : 100000
Add Generic Clock Buffer(BUFG)     : 16
Register Duplication               : YES
Optimize Instantiated Primitives   : NO
Use Clock Enable                   : Auto
Use Synchronous Set                : Auto
Use Synchronous Reset              : Auto
Pack IO Registers into IOBs        : Auto
Equivalent register Removal        : YES

---- General Options
Optimization Goal                  : Speed
Optimization Effort                : 1
Power Reduction                    : NO
Keep Hierarchy                     : No
Netlist Hierarchy                  : As_Optimized
RTL Output                         : Yes
Global Optimization                : AllClockNets
Read Cores                         : YES
Write Timing Constraints           : NO
Cross Clock Analysis               : NO
Hierarchy Separator                : /
Bus Delimiter                      : <>
Case Specifier                     : Maintain
Slice Utilization Ratio            : 100
BRAM Utilization Ratio             : 100
DSP48 Utilization Ratio            : 100
Auto BRAM Packing                  : NO
Slice Utilization Ratio Delta      : 5

---- Other Options
Cores Search Directories           : {"ipcore_dir"  }

=========================================================================


=========================================================================
*                          HDL Parsing                                  *
=========================================================================
Analyzing Verilog file "C:\Users\mulholbn\Downloads\ECE433\ECE433\Lab7\ipcore_dir\SystemClock75MHz.v" into library work
Parsing module <SystemClock75MHz>.
Analyzing Verilog file "C:\Users\mulholbn\Downloads\ECE433\ECE433\Lab7\I2C_ShiftRegister.v" into library work
Parsing module <I2C_ShiftRegister>.
Analyzing Verilog file "C:\Users\mulholbn\Downloads\ECE433\ECE433\Lab7\I2C_SDAmodule.v" into library work
Parsing module <I2C_SDAmodule>.
Analyzing Verilog file "C:\Users\mulholbn\Downloads\ECE433\ECE433\Lab7\DelayLoop.v" into library work
Parsing module <DelayLoop>.
Analyzing Verilog file "C:\Users\mulholbn\Downloads\ECE433\ECE433\Lab7\ClockedPositiveOneShot.v" into library work
Parsing module <ClockedPositiveOneShot>.
Analyzing Verilog file "C:\Users\mulholbn\Downloads\ECE433\ECE433\Lab7\ClockedNegativeOneShot.v" into library work
Parsing module <ClockedNegativeOneShot>.
Analyzing Verilog file "C:\Users\mulholbn\Downloads\ECE433\ECE433\Lab7\I2C_DataUnit.v" into library work
Parsing module <I2C_DataUnit>.
Analyzing Verilog file "C:\Users\mulholbn\Downloads\ECE433\ECE433\Lab7\I2C_Controller.v" into library work
Parsing module <I2C_Controller>.
Analyzing Verilog file "C:\Users\mulholbn\Downloads\ECE433\ECE433\Lab7\I2C_BaudRateGenerator.v" into library work
Parsing module <I2C_BaudRateGenerator>.
Analyzing Verilog file "C:\Users\mulholbn\Downloads\ECE433\ECE433\Lab7\Lab7I2Cphase1Fall2019JJS_JJS.v" into library work
Parsing module <Lab7I2Cphase1Fall2019BNM_IML>.

=========================================================================
*                            HDL Elaboration                            *
=========================================================================

Elaborating module <Lab7I2Cphase1Fall2019BNM_IML>.

Elaborating module <SystemClock75MHz>.

Elaborating module <IBUFG>.

Elaborating module <DCM_SP(CLKDV_DIVIDE=2.0,CLKFX_DIVIDE=4,CLKFX_MULTIPLY=3,CLKIN_DIVIDE_BY_2="FALSE",CLKIN_PERIOD=10.0,CLKOUT_PHASE_SHIFT="NONE",CLK_FEEDBACK="1X",DESKEW_ADJUST="SYSTEM_SYNCHRONOUS",PHASE_SHIFT=0,STARTUP_WAIT="FALSE")>.
WARNING:HDLCompiler:1127 - "C:\Users\mulholbn\Downloads\ECE433\ECE433\Lab7\ipcore_dir\SystemClock75MHz.v" Line 129: Assignment to status_int ignored, since the identifier is never used

Elaborating module <BUFG>.

Elaborating module <I2C_BaudRateGenerator>.

Elaborating module <I2C_Controller>.

Elaborating module <ClockedNegativeOneShot>.

Elaborating module <ClockedPositiveOneShot>.

Elaborating module <DelayLoop>.

Elaborating module <I2C_DataUnit>.

Elaborating module <I2C_ShiftRegister>.

Elaborating module <I2C_SDAmodule>.
WARNING:HDLCompiler:1127 - "C:\Users\mulholbn\Downloads\ECE433\ECE433\Lab7\Lab7I2Cphase1Fall2019JJS_JJS.v" Line 38: Assignment to ReceivedData ignored, since the identifier is never used

=========================================================================
*                           HDL Synthesis                               *
=========================================================================

Synthesizing Unit <Lab7I2Cphase1Fall2019BNM_IML>.
    Related source file is "C:\Users\mulholbn\Downloads\ECE433\ECE433\Lab7\Lab7I2Cphase1Fall2019JJS_JJS.v".
        FirstByte = 8'b10010101
        BaudRate = 20'b00000100111000100000
        ClockFrequency = 30'b000100011110000110100011000000
INFO:Xst:3210 - "C:\Users\mulholbn\Downloads\ECE433\ECE433\Lab7\Lab7I2Cphase1Fall2019JJS_JJS.v" line 37: Output port <ReceivedData> of the instance <DataUnit> is unconnected or connected to loadless signal.
    Summary:
	no macro.
Unit <Lab7I2Cphase1Fall2019BNM_IML> synthesized.

Synthesizing Unit <SystemClock75MHz>.
    Related source file is "C:\Users\mulholbn\Downloads\ECE433\ECE433\Lab7\ipcore_dir\SystemClock75MHz.v".
    Summary:
	no macro.
Unit <SystemClock75MHz> synthesized.

Synthesizing Unit <I2C_BaudRateGenerator>.
    Related source file is "C:\Users\mulholbn\Downloads\ECE433\ECE433\Lab7\I2C_BaudRateGenerator.v".
    Found 1-bit register for signal <SignalOut>.
    Found 16-bit register for signal <baud_count>.
    Found 31-bit subtractor for signal <GND_6_o_GND_6_o_sub_4_OUT> created at line 37.
    Found 16-bit adder for signal <baud_count[15]_GND_6_o_add_5_OUT> created at line 39.
    Found 32-bit comparator greater for signal <GND_6_o_GND_6_o_LessThan_5_o> created at line 37
    Summary:
	inferred   2 Adder/Subtractor(s).
	inferred  17 D-type flip-flop(s).
	inferred   1 Comparator(s).
	inferred   2 Multiplexer(s).
Unit <I2C_BaudRateGenerator> synthesized.

Synthesizing Unit <div_30u_21u>.
    Related source file is "".
    Found 50-bit adder for signal <n2579> created at line 0.
    Found 50-bit adder for signal <GND_7_o_b[20]_add_3_OUT> created at line 0.
    Found 49-bit adder for signal <n2583> created at line 0.
    Found 49-bit adder for signal <GND_7_o_b[20]_add_5_OUT> created at line 0.
    Found 48-bit adder for signal <n2587> created at line 0.
    Found 48-bit adder for signal <GND_7_o_b[20]_add_7_OUT> created at line 0.
    Found 47-bit adder for signal <n2591> created at line 0.
    Found 47-bit adder for signal <GND_7_o_b[20]_add_9_OUT> created at line 0.
    Found 46-bit adder for signal <n2595> created at line 0.
    Found 46-bit adder for signal <GND_7_o_b[20]_add_11_OUT> created at line 0.
    Found 45-bit adder for signal <n2599> created at line 0.
    Found 45-bit adder for signal <GND_7_o_b[20]_add_13_OUT> created at line 0.
    Found 44-bit adder for signal <n2603> created at line 0.
    Found 44-bit adder for signal <GND_7_o_b[20]_add_15_OUT> created at line 0.
    Found 43-bit adder for signal <n2607> created at line 0.
    Found 43-bit adder for signal <GND_7_o_b[20]_add_17_OUT> created at line 0.
    Found 42-bit adder for signal <n2611> created at line 0.
    Found 42-bit adder for signal <GND_7_o_b[20]_add_19_OUT> created at line 0.
    Found 41-bit adder for signal <n2615> created at line 0.
    Found 41-bit adder for signal <GND_7_o_b[20]_add_21_OUT> created at line 0.
    Found 40-bit adder for signal <n2619> created at line 0.
    Found 40-bit adder for signal <GND_7_o_b[20]_add_23_OUT> created at line 0.
    Found 39-bit adder for signal <n2623> created at line 0.
    Found 39-bit adder for signal <GND_7_o_b[20]_add_25_OUT> created at line 0.
    Found 38-bit adder for signal <n2627> created at line 0.
    Found 38-bit adder for signal <GND_7_o_b[20]_add_27_OUT> created at line 0.
    Found 37-bit adder for signal <n2631> created at line 0.
    Found 37-bit adder for signal <GND_7_o_b[20]_add_29_OUT> created at line 0.
    Found 36-bit adder for signal <n2635> created at line 0.
    Found 36-bit adder for signal <GND_7_o_b[20]_add_31_OUT> created at line 0.
    Found 35-bit adder for signal <n2639> created at line 0.
    Found 35-bit adder for signal <GND_7_o_b[20]_add_33_OUT> created at line 0.
    Found 34-bit adder for signal <n2643> created at line 0.
    Found 34-bit adder for signal <GND_7_o_b[20]_add_35_OUT> created at line 0.
    Found 33-bit adder for signal <n2647> created at line 0.
    Found 33-bit adder for signal <GND_7_o_b[20]_add_37_OUT> created at line 0.
    Found 32-bit adder for signal <n2651> created at line 0.
    Found 32-bit adder for signal <GND_7_o_b[20]_add_39_OUT> created at line 0.
    Found 31-bit adder for signal <n2655> created at line 0.
    Found 31-bit adder for signal <GND_7_o_b[20]_add_41_OUT> created at line 0.
    Found 30-bit adder for signal <n2659> created at line 0.
    Found 30-bit adder for signal <a[29]_b[20]_add_43_OUT> created at line 0.
    Found 30-bit adder for signal <n2663> created at line 0.
    Found 30-bit adder for signal <a[29]_GND_7_o_add_45_OUT> created at line 0.
    Found 30-bit adder for signal <n2667> created at line 0.
    Found 30-bit adder for signal <a[29]_GND_7_o_add_47_OUT> created at line 0.
    Found 30-bit adder for signal <n2671> created at line 0.
    Found 30-bit adder for signal <a[29]_GND_7_o_add_49_OUT> created at line 0.
    Found 30-bit adder for signal <n2675> created at line 0.
    Found 30-bit adder for signal <a[29]_GND_7_o_add_51_OUT> created at line 0.
    Found 30-bit adder for signal <n2679> created at line 0.
    Found 30-bit adder for signal <a[29]_GND_7_o_add_53_OUT> created at line 0.
    Found 30-bit adder for signal <n2683> created at line 0.
    Found 30-bit adder for signal <a[29]_GND_7_o_add_55_OUT[29:0]> created at line 0.
    Found 30-bit adder for signal <n2687> created at line 0.
    Found 30-bit adder for signal <a[29]_GND_7_o_add_57_OUT[29:0]> created at line 0.
    Found 30-bit adder for signal <n2691> created at line 0.
    Found 30-bit adder for signal <a[29]_GND_7_o_add_59_OUT[29:0]> created at line 0.
    Found 51-bit adder for signal <GND_7_o_b[20]_add_1_OUT> created at line 0.
    Found 51-bit comparator lessequal for signal <BUS_0001> created at line 0
    Found 50-bit comparator lessequal for signal <BUS_0002> created at line 0
    Found 49-bit comparator lessequal for signal <BUS_0003> created at line 0
    Found 48-bit comparator lessequal for signal <BUS_0004> created at line 0
    Found 47-bit comparator lessequal for signal <BUS_0005> created at line 0
    Found 46-bit comparator lessequal for signal <BUS_0006> created at line 0
    Found 45-bit comparator lessequal for signal <BUS_0007> created at line 0
    Found 44-bit comparator lessequal for signal <BUS_0008> created at line 0
    Found 43-bit comparator lessequal for signal <BUS_0009> created at line 0
    Found 42-bit comparator lessequal for signal <BUS_0010> created at line 0
    Found 41-bit comparator lessequal for signal <BUS_0011> created at line 0
    Found 40-bit comparator lessequal for signal <BUS_0012> created at line 0
    Found 39-bit comparator lessequal for signal <BUS_0013> created at line 0
    Found 38-bit comparator lessequal for signal <BUS_0014> created at line 0
    Found 37-bit comparator lessequal for signal <BUS_0015> created at line 0
    Found 36-bit comparator lessequal for signal <BUS_0016> created at line 0
    Found 35-bit comparator lessequal for signal <BUS_0017> created at line 0
    Found 34-bit comparator lessequal for signal <BUS_0018> created at line 0
    Found 33-bit comparator lessequal for signal <BUS_0019> created at line 0
    Found 32-bit comparator lessequal for signal <BUS_0020> created at line 0
    Found 31-bit comparator lessequal for signal <BUS_0021> created at line 0
    Found 30-bit comparator lessequal for signal <BUS_0022> created at line 0
    Found 30-bit comparator lessequal for signal <BUS_0023> created at line 0
    Found 30-bit comparator lessequal for signal <BUS_0024> created at line 0
    Found 30-bit comparator lessequal for signal <BUS_0025> created at line 0
    Found 30-bit comparator lessequal for signal <BUS_0026> created at line 0
    Found 30-bit comparator lessequal for signal <BUS_0027> created at line 0
    Found 30-bit comparator lessequal for signal <BUS_0028> created at line 0
    Found 30-bit comparator lessequal for signal <BUS_0029> created at line 0
    Found 30-bit comparator lessequal for signal <BUS_0030> created at line 0
    Found 30-bit comparator lessequal for signal <BUS_0031> created at line 0
    Summary:
	inferred  59 Adder/Subtractor(s).
	inferred  31 Comparator(s).
	inferred 813 Multiplexer(s).
Unit <div_30u_21u> synthesized.

Synthesizing Unit <I2C_Controller>.
    Related source file is "C:\Users\mulholbn\Downloads\ECE433\ECE433\Lab7\I2C_Controller.v".
        InitState = 3'b000
        Start = 3'b001
        LoadShiftReg = 3'b010
        Write = 3'b011
        Receive = 3'b100
        Transit = 3'b101
        Stop = 3'b110
    Found 4-bit register for signal <Count>.
    Found 3-bit register for signal <State>.
    Found finite state machine <FSM_0> for signal <State>.
    -----------------------------------------------------------------------
    | States             | 7                                              |
    | Transitions        | 15                                             |
    | Inputs             | 6                                              |
    | Outputs            | 9                                              |
    | Clock              | clock (rising_edge)                            |
    | Reset              | Reset (positive)                               |
    | Reset type         | synchronous                                    |
    | Reset State        | 000                                            |
    | Encoding           | auto                                           |
    | Implementation     | LUT                                            |
    -----------------------------------------------------------------------
    Found 4-bit subtractor for signal <Count[3]_GND_8_o_sub_12_OUT> created at line 64.
    Summary:
	inferred   1 Adder/Subtractor(s).
	inferred   4 D-type flip-flop(s).
	inferred   1 Multiplexer(s).
	inferred   1 Finite State Machine(s).
Unit <I2C_Controller> synthesized.

Synthesizing Unit <ClockedNegativeOneShot>.
    Related source file is "C:\Users\mulholbn\Downloads\ECE433\ECE433\Lab7\ClockedNegativeOneShot.v".
        State0 = 0
        State1 = 1
        State2 = 2
        State3 = 3
    Found 2-bit register for signal <State>.
    Found finite state machine <FSM_1> for signal <State>.
    -----------------------------------------------------------------------
    | States             | 3                                              |
    | Transitions        | 6                                              |
    | Inputs             | 1                                              |
    | Outputs            | 1                                              |
    | Clock              | CLOCK (rising_edge)                            |
    | Reset              | Reset (positive)                               |
    | Reset type         | synchronous                                    |
    | Reset State        | 01                                             |
    | Encoding           | auto                                           |
    | Implementation     | LUT                                            |
    -----------------------------------------------------------------------
    Summary:
	inferred   1 Finite State Machine(s).
Unit <ClockedNegativeOneShot> synthesized.

Synthesizing Unit <ClockedPositiveOneShot>.
    Related source file is "C:\Users\mulholbn\Downloads\ECE433\ECE433\Lab7\ClockedPositiveOneShot.v".
        State0 = 0
        State1 = 1
        State2 = 2
        State3 = 3
    Found 2-bit register for signal <State>.
    Found finite state machine <FSM_2> for signal <State>.
    -----------------------------------------------------------------------
    | States             | 3                                              |
    | Transitions        | 6                                              |
    | Inputs             | 1                                              |
    | Outputs            | 1                                              |
    | Clock              | CLOCK (rising_edge)                            |
    | Reset              | Reset (positive)                               |
    | Reset type         | synchronous                                    |
    | Reset State        | 00                                             |
    | Encoding           | auto                                           |
    | Implementation     | LUT                                            |
    -----------------------------------------------------------------------
    Summary:
	inferred   1 Finite State Machine(s).
Unit <ClockedPositiveOneShot> synthesized.

Synthesizing Unit <DelayLoop>.
    Related source file is "C:\Users\mulholbn\Downloads\ECE433\ECE433\Lab7\DelayLoop.v".
        Divider = 20000
        NumberOfBits = 18
    Found 18-bit register for signal <count>.
    Found 18-bit adder for signal <count[17]_GND_11_o_add_4_OUT> created at line 26.
    Found 18-bit comparator lessequal for signal <n0002> created at line 25
    Summary:
	inferred   1 Adder/Subtractor(s).
	inferred  18 D-type flip-flop(s).
	inferred   1 Comparator(s).
	inferred   1 Multiplexer(s).
Unit <DelayLoop> synthesized.

Synthesizing Unit <I2C_DataUnit>.
    Related source file is "C:\Users\mulholbn\Downloads\ECE433\ECE433\Lab7\I2C_DataUnit.v".
        LENGTH = 8
    Summary:
	no macro.
Unit <I2C_DataUnit> synthesized.

Synthesizing Unit <I2C_ShiftRegister>.
    Related source file is "C:\Users\mulholbn\Downloads\ECE433\ECE433\Lab7\I2C_ShiftRegister.v".
        LENGTH = 8
    Found 8-bit register for signal <ShiftRegister>.
    Summary:
	inferred   8 D-type flip-flop(s).
	inferred   1 Multiplexer(s).
Unit <I2C_ShiftRegister> synthesized.

Synthesizing Unit <I2C_SDAmodule>.
    Related source file is "C:\Users\mulholbn\Downloads\ECE433\ECE433\Lab7\I2C_SDAmodule.v".
    Found 1-bit tristate buffer for signal <SDA> created at line 37
    Summary:
	inferred   1 Multiplexer(s).
	inferred   1 Tristate(s).
Unit <I2C_SDAmodule> synthesized.

=========================================================================
HDL Synthesis Report

Macro Statistics
# Adders/Subtractors                                   : 63
 16-bit adder                                          : 1
 18-bit adder                                          : 1
 30-bit adder                                          : 18
 31-bit adder                                          : 2
 31-bit subtractor                                     : 1
 32-bit adder                                          : 2
 33-bit adder                                          : 2
 34-bit adder                                          : 2
 35-bit adder                                          : 2
 36-bit adder                                          : 2
 37-bit adder                                          : 2
 38-bit adder                                          : 2
 39-bit adder                                          : 2
 4-bit subtractor                                      : 1
 40-bit adder                                          : 2
 41-bit adder                                          : 2
 42-bit adder                                          : 2
 43-bit adder                                          : 2
 44-bit adder                                          : 2
 45-bit adder                                          : 2
 46-bit adder                                          : 2
 47-bit adder                                          : 2
 48-bit adder                                          : 2
 49-bit adder                                          : 2
 50-bit adder                                          : 2
 51-bit adder                                          : 1
# Registers                                            : 5
 1-bit register                                        : 1
 16-bit register                                       : 1
 18-bit register                                       : 1
 4-bit register                                        : 1
 8-bit register                                        : 1
# Comparators                                          : 33
 18-bit comparator lessequal                           : 1
 30-bit comparator lessequal                           : 10
 31-bit comparator lessequal                           : 1
 32-bit comparator greater                             : 1
 32-bit comparator lessequal                           : 1
 33-bit comparator lessequal                           : 1
 34-bit comparator lessequal                           : 1
 35-bit comparator lessequal                           : 1
 36-bit comparator lessequal                           : 1
 37-bit comparator lessequal                           : 1
 38-bit comparator lessequal                           : 1
 39-bit comparator lessequal                           : 1
 40-bit comparator lessequal                           : 1
 41-bit comparator lessequal                           : 1
 42-bit comparator lessequal                           : 1
 43-bit comparator lessequal                           : 1
 44-bit comparator lessequal                           : 1
 45-bit comparator lessequal                           : 1
 46-bit comparator lessequal                           : 1
 47-bit comparator lessequal                           : 1
 48-bit comparator lessequal                           : 1
 49-bit comparator lessequal                           : 1
 50-bit comparator lessequal                           : 1
 51-bit comparator lessequal                           : 1
# Multiplexers                                         : 819
 1-bit 2-to-1 multiplexer                              : 813
 16-bit 2-to-1 multiplexer                             : 1
 18-bit 2-to-1 multiplexer                             : 1
 30-bit 2-to-1 multiplexer                             : 3
 8-bit 2-to-1 multiplexer                              : 1
# Tristates                                            : 1
 1-bit tristate buffer                                 : 1
# FSMs                                                 : 3

=========================================================================

=========================================================================
*                       Advanced HDL Synthesis                          *
=========================================================================


Synthesizing (advanced) Unit <DelayLoop>.
The following registers are absorbed into counter <count>: 1 register on signal <count>.
Unit <DelayLoop> synthesized (advanced).

Synthesizing (advanced) Unit <I2C_BaudRateGenerator>.
The following registers are absorbed into counter <baud_count>: 1 register on signal <baud_count>.
Unit <I2C_BaudRateGenerator> synthesized (advanced).

Synthesizing (advanced) Unit <I2C_Controller>.
The following registers are absorbed into counter <Count>: 1 register on signal <Count>.
Unit <I2C_Controller> synthesized (advanced).

=========================================================================
Advanced HDL Synthesis Report

Macro Statistics
# Adders/Subtractors                                   : 31
 30-bit adder                                          : 1
 30-bit adder carry in                                 : 29
 31-bit subtractor                                     : 1
# Counters                                             : 3
 16-bit up counter                                     : 1
 18-bit up counter                                     : 1
 4-bit down counter                                    : 1
# Registers                                            : 9
 Flip-Flops                                            : 9
# Comparators                                          : 33
 18-bit comparator lessequal                           : 1
 30-bit comparator lessequal                           : 10
 31-bit comparator lessequal                           : 1
 32-bit comparator greater                             : 1
 32-bit comparator lessequal                           : 1
 33-bit comparator lessequal                           : 1
 34-bit comparator lessequal                           : 1
 35-bit comparator lessequal                           : 1
 36-bit comparator lessequal                           : 1
 37-bit comparator lessequal                           : 1
 38-bit comparator lessequal                           : 1
 39-bit comparator lessequal                           : 1
 40-bit comparator lessequal                           : 1
 41-bit comparator lessequal                           : 1
 42-bit comparator lessequal                           : 1
 43-bit comparator lessequal                           : 1
 44-bit comparator lessequal                           : 1
 45-bit comparator lessequal                           : 1
 46-bit comparator lessequal                           : 1
 47-bit comparator lessequal                           : 1
 48-bit comparator lessequal                           : 1
 49-bit comparator lessequal                           : 1
 50-bit comparator lessequal                           : 1
 51-bit comparator lessequal                           : 1
# Multiplexers                                         : 815
 1-bit 2-to-1 multiplexer                              : 811
 30-bit 2-to-1 multiplexer                             : 3
 8-bit 2-to-1 multiplexer                              : 1
# FSMs                                                 : 3

=========================================================================

=========================================================================
*                         Low Level Synthesis                           *
=========================================================================
Analyzing FSM <MFsm> for best encoding.
Optimizing FSM <ControlUnit/FSM_1> on signal <State[1:3]> with one-hot encoding.
-------------------
 State | Encoding
-------------------
 01    | 001
 00    | 010
 11    | 100
-------------------
Analyzing FSM <MFsm> for best encoding.
Optimizing FSM <ControlUnit/FSM_2> on signal <State[1:3]> with one-hot encoding.
-------------------
 State | Encoding
-------------------
 00    | 001
 01    | 010
 11    | 100
-------------------
Analyzing FSM <MFsm> for best encoding.
Optimizing FSM <ControlUnit/FSM_0> on signal <State[1:3]> with gray encoding.
-------------------
 State | Encoding
-------------------
 000   | 000
 001   | 001
 010   | 011
 011   | 010
 100   | 110
 101   | 111
 110   | 101
-------------------

Optimizing unit <Lab7I2Cphase1Fall2019BNM_IML> ...

Optimizing unit <I2C_Controller> ...

Optimizing unit <I2C_BaudRateGenerator> ...

Optimizing unit <I2C_ShiftRegister> ...
WARNING:Xst:1710 - FF/Latch <ControlUnit/Timer/count_17> (without init value) has a constant value of 0 in block <Lab7I2Cphase1Fall2019BNM_IML>. This FF/Latch will be trimmed during the optimization process.
WARNING:Xst:1710 - FF/Latch <ControlUnit/Timer/count_16> (without init value) has a constant value of 0 in block <Lab7I2Cphase1Fall2019BNM_IML>. This FF/Latch will be trimmed during the optimization process.
WARNING:Xst:1710 - FF/Latch <ControlUnit/Timer/count_15> (without init value) has a constant value of 0 in block <Lab7I2Cphase1Fall2019BNM_IML>. This FF/Latch will be trimmed during the optimization process.
WARNING:Xst:1710 - FF/Latch <BaudUnit/baud_count_15> (without init value) has a constant value of 0 in block <Lab7I2Cphase1Fall2019BNM_IML>. This FF/Latch will be trimmed during the optimization process.
WARNING:Xst:1710 - FF/Latch <BaudUnit/baud_count_14> (without init value) has a constant value of 0 in block <Lab7I2Cphase1Fall2019BNM_IML>. This FF/Latch will be trimmed during the optimization process.
WARNING:Xst:1710 - FF/Latch <BaudUnit/baud_count_13> (without init value) has a constant value of 0 in block <Lab7I2Cphase1Fall2019BNM_IML>. This FF/Latch will be trimmed during the optimization process.
WARNING:Xst:1710 - FF/Latch <BaudUnit/baud_count_12> (without init value) has a constant value of 0 in block <Lab7I2Cphase1Fall2019BNM_IML>. This FF/Latch will be trimmed during the optimization process.
WARNING:Xst:1710 - FF/Latch <BaudUnit/baud_count_11> (without init value) has a constant value of 0 in block <Lab7I2Cphase1Fall2019BNM_IML>. This FF/Latch will be trimmed during the optimization process.
INFO:Xst:3203 - The FF/Latch <ControlUnit/PosShot/State_FSM_FFd3> in Unit <Lab7I2Cphase1Fall2019BNM_IML> is the opposite to the following FF/Latch, which will be removed : <ControlUnit/NegShot/State_FSM_FFd2> 

Mapping all equations...
Building and optimizing final netlist ...
Found area constraint ratio of 100 (+ 5) on block Lab7I2Cphase1Fall2019BNM_IML, actual ratio is 1.

Final Macro Processing ...

=========================================================================
Final Register Report

Macro Statistics
# Registers                                            : 45
 Flip-Flops                                            : 45

=========================================================================

=========================================================================
*                           Partition Report                            *
=========================================================================

Partition Implementation Status
-------------------------------

  No Partitions were found in this design.

-------------------------------

=========================================================================
*                            Design Summary                             *
=========================================================================

Top Level Output File Name         : Lab7I2Cphase1Fall2019BNM_IML.ngc

Primitive and Black Box Usage:
------------------------------
# BELS                             : 135
#      GND                         : 1
#      INV                         : 2
#      LUT1                        : 1
#      LUT2                        : 6
#      LUT3                        : 32
#      LUT4                        : 18
#      LUT5                        : 3
#      LUT6                        : 9
#      MUXCY                       : 35
#      MUXF7                       : 1
#      VCC                         : 1
#      XORCY                       : 26
# FlipFlops/Latches                : 45
#      FD                          : 5
#      FDR                         : 29
#      FDRE                        : 8
#      FDS                         : 3
# Clock Buffers                    : 2
#      BUFG                        : 2
# IO Buffers                       : 6
#      IBUF                        : 2
#      IBUFG                       : 1
#      OBUF                        : 2
#      OBUFT                       : 1
# DCMs                             : 1
#      DCM_SP                      : 1

Device utilization summary:
---------------------------

Selected Device : 6slx16csg324-3 


Slice Logic Utilization: 
 Number of Slice Registers:              45  out of  18224     0%  
 Number of Slice LUTs:                   71  out of   9112     0%  
    Number used as Logic:                71  out of   9112     0%  

Slice Logic Distribution: 
 Number of LUT Flip Flop pairs used:     71
   Number with an unused Flip Flop:      26  out of     71    36%  
   Number with an unused LUT:             0  out of     71     0%  
   Number of fully used LUT-FF pairs:    45  out of     71    63%  
   Number of unique control sets:         5

IO Utilization: 
 Number of IOs:                           6
 Number of bonded IOBs:                   6  out of    232     2%  

Specific Feature Utilization:
 Number of BUFG/BUFGCTRLs:                2  out of     16    12%  

---------------------------
Partition Resource Summary:
---------------------------

  No Partitions were found in this design.

---------------------------


=========================================================================
Timing Report

NOTE: THESE TIMING NUMBERS ARE ONLY A SYNTHESIS ESTIMATE.
      FOR ACCURATE TIMING INFORMATION PLEASE REFER TO THE TRACE REPORT
      GENERATED AFTER PLACE-and-ROUTE.

Clock Information:
------------------
-----------------------------------+------------------------+-------+
Clock Signal                       | Clock buffer(FF name)  | Load  |
-----------------------------------+------------------------+-------+
clock                              | DCM_SP:CLKFX           | 45    |
-----------------------------------+------------------------+-------+

Asynchronous Control Signals Information:
----------------------------------------
No asynchronous control signals found in this design

Timing Summary:
---------------
Speed Grade: -3

   Minimum period: 4.193ns (Maximum Frequency: 238.502MHz)
   Minimum input arrival time before clock: 4.255ns
   Maximum output required time after clock: 5.119ns
   Maximum combinational path delay: No path found

Timing Details:
---------------
All values displayed in nanoseconds (ns)

=========================================================================
Timing constraint: Default period analysis for Clock 'clock'
  Clock period: 4.193ns (frequency: 238.502MHz)
  Total number of paths / destination ports: 3255 / 79
-------------------------------------------------------------------------
Delay:               5.590ns (Levels of Logic = 5)
  Source:            ControlUnit/Timer/count_0 (FF)
  Destination:       ControlUnit/Count_2 (FF)
  Source Clock:      clock rising 0.8X
  Destination Clock: clock rising 0.8X

  Data Path: ControlUnit/Timer/count_0 to ControlUnit/Count_2
                                Gate     Net
    Cell:in->out      fanout   Delay   Delay  Logical Name (Net Name)
    ----------------------------------------  ------------
     FDR:C->Q              2   0.447   0.864  ControlUnit/Timer/count_0 (ControlUnit/Timer/count_0)
     LUT4:I0->O            1   0.203   0.808  ControlUnit/Timer/Timeout<17>2 (ControlUnit/Timer/Timeout<17>2)
     LUT5:I2->O            4   0.205   0.684  ControlUnit/Timer/Timeout<17>3 (ControlUnit/TimeOut)
     LUT6:I5->O            2   0.205   0.617  ControlUnit/State_FSM_FFd1-In1 (ControlUnit/State_FSM_FFd1-In)
     LUT6:I5->O            4   0.205   1.048  ControlUnit/_n00671 (ControlUnit/_n0067)
     LUT6:I0->O            1   0.203   0.000  ControlUnit/Count_2_rstpot (ControlUnit/Count_2_rstpot)
     FD:D                      0.102          ControlUnit/Count_2
    ----------------------------------------
    Total                      5.590ns (1.570ns logic, 4.020ns route)
                                       (28.1% logic, 71.9% route)

=========================================================================
Timing constraint: Default OFFSET IN BEFORE for Clock 'clock'
  Total number of paths / destination ports: 35 / 31
-------------------------------------------------------------------------
Offset:              4.255ns (Levels of Logic = 3)
  Source:            Reset (PAD)
  Destination:       ControlUnit/Count_2 (FF)
  Destination Clock: clock rising 0.8X

  Data Path: Reset to ControlUnit/Count_2
                                Gate     Net
    Cell:in->out      fanout   Delay   Delay  Logical Name (Net Name)
    ----------------------------------------  ------------
     IBUF:I->O            21   1.222   1.478  Reset_IBUF (Reset_IBUF)
     LUT6:I0->O            4   0.203   1.048  ControlUnit/_n00671 (ControlUnit/_n0067)
     LUT6:I0->O            1   0.203   0.000  ControlUnit/Count_2_rstpot (ControlUnit/Count_2_rstpot)
     FD:D                      0.102          ControlUnit/Count_2
    ----------------------------------------
    Total                      4.255ns (1.730ns logic, 2.525ns route)
                                       (40.7% logic, 59.3% route)

=========================================================================
Timing constraint: Default OFFSET OUT AFTER for Clock 'clock'
  Total number of paths / destination ports: 7 / 2
-------------------------------------------------------------------------
Offset:              5.119ns (Levels of Logic = 2)
  Source:            ControlUnit/State_FSM_FFd2 (FF)
  Destination:       SDA (PAD)
  Source Clock:      clock rising 0.8X

  Data Path: ControlUnit/State_FSM_FFd2 to SDA
                                Gate     Net
    Cell:in->out      fanout   Delay   Delay  Logical Name (Net Name)
    ----------------------------------------  ------------
     FDR:C->Q             19   0.447   1.319  ControlUnit/State_FSM_FFd2 (ControlUnit/State_FSM_FFd2)
     LUT4:I0->O            1   0.203   0.579  DataUnit/SDAUnit/Mmux_ShiftIn11 (DataUnit/ShiftDataIn)
     OBUFT:I->O                2.571          SDA_OBUFT (SDA)
    ----------------------------------------
    Total                      5.119ns (3.221ns logic, 1.898ns route)
                                       (62.9% logic, 37.1% route)

=========================================================================

Cross Clock Domains Report:
--------------------------

Clock to Setup on destination clock clock
---------------+---------+---------+---------+---------+
               | Src:Rise| Src:Fall| Src:Rise| Src:Fall|
Source Clock   |Dest:Rise|Dest:Rise|Dest:Fall|Dest:Fall|
---------------+---------+---------+---------+---------+
clock          |    5.590|         |         |         |
---------------+---------+---------+---------+---------+

=========================================================================


Total REAL time to Xst completion: 8.00 secs
Total CPU time to Xst completion: 7.74 secs
 
--> 

Total memory usage is 4519684 kilobytes

Number of errors   :    0 (   0 filtered)
Number of warnings :   10 (   0 filtered)
Number of infos    :    2 (   0 filtered)

